This is pdfTeX, Version 3.14159265-2.6-1.40.15 (TeX Live 2014) (preloaded format=pdflatex 2014.12.30)  18 DEC 2015 23:36
entering extended mode
 restricted \write18 enabled.
 file:line:error style messages enabled.
 %&-line parsing enabled.
**essay/essay.tex
(./essay/essay.tex
LaTeX2e <2014/05/01>
Babel <3.9k> and hyphenation patterns for 78 languages loaded.
(/usr/local/texlive/2014/texmf-dist/tex/latex/base/article.cls
Document Class: article 2007/10/19 v1.4h Standard LaTeX document class
(/usr/local/texlive/2014/texmf-dist/tex/latex/base/size10.clo
File: size10.clo 2007/10/19 v1.4h Standard LaTeX file (size option)
)
\c@part=\count79
\c@section=\count80
\c@subsection=\count81
\c@subsubsection=\count82
\c@paragraph=\count83
\c@subparagraph=\count84
\c@figure=\count85
\c@table=\count86
\abovecaptionskip=\skip41
\belowcaptionskip=\skip42
\bibindent=\dimen102
)
(/usr/local/texlive/2014/texmf-dist/tex/generic/babel/babel.sty
Package: babel 2014/03/24 3.9k The Babel package

(/usr/local/texlive/2014/texmf-dist/tex/generic/babel-english/english.ldf
Language: english 2012/08/20 v3.3p English support from the babel system

(/usr/local/texlive/2014/texmf-dist/tex/generic/babel/babel.def
File: babel.def 2014/03/24 3.9k Babel common definitions
\babel@savecnt=\count87
\U@D=\dimen103
)
\l@canadian = a dialect from \language\l@american 
\l@australian = a dialect from \language\l@british 
\l@newzealand = a dialect from \language\l@british 
))
(/usr/local/texlive/2014/texmf-dist/tex/latex/graphics/graphicx.sty
Package: graphicx 2014/04/25 v1.0g Enhanced LaTeX Graphics (DPC,SPQR)

(/usr/local/texlive/2014/texmf-dist/tex/latex/graphics/keyval.sty
Package: keyval 2014/05/08 v1.15 key=value parser (DPC)
\KV@toks@=\toks14
)
(/usr/local/texlive/2014/texmf-dist/tex/latex/graphics/graphics.sty
Package: graphics 2009/02/05 v1.0o Standard LaTeX Graphics (DPC,SPQR)

(/usr/local/texlive/2014/texmf-dist/tex/latex/graphics/trig.sty
Package: trig 1999/03/16 v1.09 sin cos tan (DPC)
)
(/usr/local/texlive/2014/texmf-dist/tex/latex/latexconfig/graphics.cfg
File: graphics.cfg 2010/04/23 v1.9 graphics configuration of TeX Live
)
Package graphics Info: Driver file: pdftex.def on input line 91.

(/usr/local/texlive/2014/texmf-dist/tex/latex/pdftex-def/pdftex.def
File: pdftex.def 2011/05/27 v0.06d Graphics/color for pdfTeX

(/usr/local/texlive/2014/texmf-dist/tex/generic/oberdiek/infwarerr.sty
Package: infwarerr 2010/04/08 v1.3 Providing info/warning/error messages (HO)
)
(/usr/local/texlive/2014/texmf-dist/tex/generic/oberdiek/ltxcmds.sty
Package: ltxcmds 2011/11/09 v1.22 LaTeX kernel commands for general use (HO)
)
\Gread@gobject=\count88
))
\Gin@req@height=\dimen104
\Gin@req@width=\dimen105
)
(/usr/local/texlive/2014/texmf-dist/tex/latex/psnfss/times.sty
Package: times 2005/04/12 PSNFSS-v9.2a (SPQR) 
)
(/usr/local/texlive/2014/texmf-dist/tex/latex/psnfss/pifont.sty
Package: pifont 2005/04/12 PSNFSS-v9.2a Pi font support (SPQR) 
LaTeX Font Info:    Try loading font information for U+pzd on input line 63.

(/usr/local/texlive/2014/texmf-dist/tex/latex/psnfss/upzd.fd
File: upzd.fd 2001/06/04 font definitions for U/pzd.
)
LaTeX Font Info:    Try loading font information for U+psy on input line 64.

(/usr/local/texlive/2014/texmf-dist/tex/latex/psnfss/upsy.fd
File: upsy.fd 2001/06/04 font definitions for U/psy.
))
(/usr/local/texlive/2014/texmf-dist/tex/latex/geometry/geometry.sty
Package: geometry 2010/09/12 v5.6 Page Geometry

(/usr/local/texlive/2014/texmf-dist/tex/generic/oberdiek/ifpdf.sty
Package: ifpdf 2011/01/30 v2.3 Provides the ifpdf switch (HO)
Package ifpdf Info: pdfTeX in PDF mode is detected.
)
(/usr/local/texlive/2014/texmf-dist/tex/generic/oberdiek/ifvtex.sty
Package: ifvtex 2010/03/01 v1.5 Detect VTeX and its facilities (HO)
Package ifvtex Info: VTeX not detected.
)
(/usr/local/texlive/2014/texmf-dist/tex/generic/ifxetex/ifxetex.sty
Package: ifxetex 2010/09/12 v0.6 Provides ifxetex conditional
)
\Gm@cnth=\count89
\Gm@cntv=\count90
\c@Gm@tempcnt=\count91
\Gm@bindingoffset=\dimen106
\Gm@wd@mp=\dimen107
\Gm@odd@mp=\dimen108
\Gm@even@mp=\dimen109
\Gm@layoutwidth=\dimen110
\Gm@layoutheight=\dimen111
\Gm@layouthoffset=\dimen112
\Gm@layoutvoffset=\dimen113
\Gm@dimlist=\toks15
)
(/usr/local/texlive/2014/texmf-dist/tex/latex/eurosym/eurosym.sty
Package: eurosym 1998/08/06 v1.1 European currency symbol ``Euro''
\@eurobox=\box26
)
(/usr/local/texlive/2014/texmf-dist/tex/latex/fancyhdr/fancyhdr.sty
\fancy@headwidth=\skip43
\f@ncyO@elh=\skip44
\f@ncyO@erh=\skip45
\f@ncyO@olh=\skip46
\f@ncyO@orh=\skip47
\f@ncyO@elf=\skip48
\f@ncyO@erf=\skip49
\f@ncyO@olf=\skip50
\f@ncyO@orf=\skip51
)
(/usr/local/texlive/2014/texmf-dist/tex/latex/hyperref/hyperref.sty
Package: hyperref 2012/11/06 v6.83m Hypertext links for LaTeX

(/usr/local/texlive/2014/texmf-dist/tex/generic/oberdiek/hobsub-hyperref.sty
Package: hobsub-hyperref 2012/05/28 v1.13 Bundle oberdiek, subset hyperref (HO)


(/usr/local/texlive/2014/texmf-dist/tex/generic/oberdiek/hobsub-generic.sty
Package: hobsub-generic 2012/05/28 v1.13 Bundle oberdiek, subset generic (HO)
Package: hobsub 2012/05/28 v1.13 Construct package bundles (HO)
Package hobsub Info: Skipping package `infwarerr' (already loaded).
Package hobsub Info: Skipping package `ltxcmds' (already loaded).
Package: ifluatex 2010/03/01 v1.3 Provides the ifluatex switch (HO)
Package ifluatex Info: LuaTeX not detected.
Package hobsub Info: Skipping package `ifvtex' (already loaded).
Package: intcalc 2007/09/27 v1.1 Expandable calculations with integers (HO)
Package hobsub Info: Skipping package `ifpdf' (already loaded).
Package: etexcmds 2011/02/16 v1.5 Avoid name clashes with e-TeX commands (HO)
Package etexcmds Info: Could not find \expanded.
(etexcmds)             That can mean that you are not using pdfTeX 1.50 or
(etexcmds)             that some package has redefined \expanded.
(etexcmds)             In the latter case, load this package earlier.
Package: kvsetkeys 2012/04/25 v1.16 Key value parser (HO)
Package: kvdefinekeys 2011/04/07 v1.3 Define keys (HO)
Package: pdftexcmds 2011/11/29 v0.20 Utility functions of pdfTeX for LuaTeX (HO
)
Package pdftexcmds Info: LuaTeX not detected.
Package pdftexcmds Info: \pdf@primitive is available.
Package pdftexcmds Info: \pdf@ifprimitive is available.
Package pdftexcmds Info: \pdfdraftmode found.
Package: pdfescape 2011/11/25 v1.13 Implements pdfTeX's escape features (HO)
Package: bigintcalc 2012/04/08 v1.3 Expandable calculations on big integers (HO
)
Package: bitset 2011/01/30 v1.1 Handle bit-vector datatype (HO)
Package: uniquecounter 2011/01/30 v1.2 Provide unlimited unique counter (HO)
)
Package hobsub Info: Skipping package `hobsub' (already loaded).
Package: letltxmacro 2010/09/02 v1.4 Let assignment for LaTeX macros (HO)
Package: hopatch 2012/05/28 v1.2 Wrapper for package hooks (HO)
Package: xcolor-patch 2011/01/30 xcolor patch
Package: atveryend 2011/06/30 v1.8 Hooks at the very end of document (HO)
Package atveryend Info: \enddocument detected (standard20110627).
Package: atbegshi 2011/10/05 v1.16 At begin shipout hook (HO)
Package: refcount 2011/10/16 v3.4 Data extraction from label references (HO)
Package: hycolor 2011/01/30 v1.7 Color options for hyperref/bookmark (HO)
)
(/usr/local/texlive/2014/texmf-dist/tex/latex/oberdiek/auxhook.sty
Package: auxhook 2011/03/04 v1.3 Hooks for auxiliary files (HO)
)
(/usr/local/texlive/2014/texmf-dist/tex/latex/oberdiek/kvoptions.sty
Package: kvoptions 2011/06/30 v3.11 Key value format for package options (HO)
)
\@linkdim=\dimen114
\Hy@linkcounter=\count92
\Hy@pagecounter=\count93

(/usr/local/texlive/2014/texmf-dist/tex/latex/hyperref/pd1enc.def
File: pd1enc.def 2012/11/06 v6.83m Hyperref: PDFDocEncoding definition (HO)
)
\Hy@SavedSpaceFactor=\count94

(/usr/local/texlive/2014/texmf-dist/tex/latex/latexconfig/hyperref.cfg
File: hyperref.cfg 2002/06/06 v1.2 hyperref configuration of TeXLive
)
Package hyperref Info: Hyper figures OFF on input line 4443.
Package hyperref Info: Link nesting OFF on input line 4448.
Package hyperref Info: Hyper index ON on input line 4451.
Package hyperref Info: Plain pages OFF on input line 4458.
Package hyperref Info: Backreferencing OFF on input line 4463.
Package hyperref Info: Implicit mode ON; LaTeX internals redefined.
Package hyperref Info: Bookmarks ON on input line 4688.
\c@Hy@tempcnt=\count95

(/usr/local/texlive/2014/texmf-dist/tex/latex/url/url.sty
\Urlmuskip=\muskip10
Package: url 2013/09/16  ver 3.4  Verb mode for urls, etc.
)
LaTeX Info: Redefining \url on input line 5041.
\XeTeXLinkMargin=\dimen115
\Fld@menulength=\count96
\Field@Width=\dimen116
\Fld@charsize=\dimen117
Package hyperref Info: Hyper figures OFF on input line 6295.
Package hyperref Info: Link nesting OFF on input line 6300.
Package hyperref Info: Hyper index ON on input line 6303.
Package hyperref Info: backreferencing OFF on input line 6310.
Package hyperref Info: Link coloring OFF on input line 6315.
Package hyperref Info: Link coloring with OCG OFF on input line 6320.
Package hyperref Info: PDF/A mode OFF on input line 6325.
LaTeX Info: Redefining \ref on input line 6365.
LaTeX Info: Redefining \pageref on input line 6369.
\Hy@abspage=\count97
\c@Item=\count98
\c@Hfootnote=\count99
)

Package hyperref Message: Driver (autodetected): hpdftex.

(/usr/local/texlive/2014/texmf-dist/tex/latex/hyperref/hpdftex.def
File: hpdftex.def 2012/11/06 v6.83m Hyperref driver for pdfTeX
\Fld@listcount=\count100
\c@bookmark@seq@number=\count101

(/usr/local/texlive/2014/texmf-dist/tex/latex/oberdiek/rerunfilecheck.sty
Package: rerunfilecheck 2011/04/15 v1.7 Rerun checks for auxiliary files (HO)
Package uniquecounter Info: New unique counter `rerunfilecheck' on input line 2
82.
)
\Hy@SectionHShift=\skip52
)
(/usr/local/texlive/2014/texmf-dist/tex/latex/framed/framed.sty
Package: framed 2011/10/22 v 0.96: framed or shaded text with page breaks
\OuterFrameSep=\skip53
\fb@frw=\dimen118
\fb@frh=\dimen119
\FrameRule=\dimen120
\FrameSep=\dimen121
)
(/usr/local/texlive/2014/texmf-dist/tex/latex/enumitem/enumitem.sty
Package: enumitem 2011/09/28 v3.5.2 Customized lists
\labelindent=\skip54
\enit@outerparindent=\dimen122
\enit@toks=\toks16
\enit@inbox=\box27
\enitdp@description=\count102
)
(/Users/alexey/Documents/tex/2015:2016/out/essay.aux)
\openout1 = `essay.aux'.

LaTeX Font Info:    Checking defaults for OML/cmm/m/it on input line 33.
LaTeX Font Info:    ... okay on input line 33.
LaTeX Font Info:    Checking defaults for T1/cmr/m/n on input line 33.
LaTeX Font Info:    ... okay on input line 33.
LaTeX Font Info:    Checking defaults for OT1/cmr/m/n on input line 33.
LaTeX Font Info:    ... okay on input line 33.
LaTeX Font Info:    Checking defaults for OMS/cmsy/m/n on input line 33.
LaTeX Font Info:    ... okay on input line 33.
LaTeX Font Info:    Checking defaults for OMX/cmex/m/n on input line 33.
LaTeX Font Info:    ... okay on input line 33.
LaTeX Font Info:    Checking defaults for U/cmr/m/n on input line 33.
LaTeX Font Info:    ... okay on input line 33.
LaTeX Font Info:    Checking defaults for PD1/pdf/m/n on input line 33.
LaTeX Font Info:    ... okay on input line 33.
LaTeX Font Info:    Try loading font information for OT1+ptm on input line 33.

(/usr/local/texlive/2014/texmf-dist/tex/latex/psnfss/ot1ptm.fd
File: ot1ptm.fd 2001/06/04 font definitions for OT1/ptm.
)
(/usr/local/texlive/2014/texmf-dist/tex/context/base/supp-pdf.mkii
[Loading MPS to PDF converter (version 2006.09.02).]
\scratchcounter=\count103
\scratchdimen=\dimen123
\scratchbox=\box28
\nofMPsegments=\count104
\nofMParguments=\count105
\everyMPshowfont=\toks17
\MPscratchCnt=\count106
\MPscratchDim=\dimen124
\MPnumerator=\count107
\makeMPintoPDFobject=\count108
\everyMPtoPDFconversion=\toks18
) (/usr/local/texlive/2014/texmf-dist/tex/latex/oberdiek/epstopdf-base.sty
Package: epstopdf-base 2010/02/09 v2.5 Base part for package epstopdf

(/usr/local/texlive/2014/texmf-dist/tex/latex/oberdiek/grfext.sty
Package: grfext 2010/08/19 v1.1 Manage graphics extensions (HO)
)
Package grfext Info: Graphics extension search list:
(grfext)             [.png,.pdf,.jpg,.mps,.jpeg,.jbig2,.jb2,.PNG,.PDF,.JPG,.JPE
G,.JBIG2,.JB2,.eps]
(grfext)             \AppendGraphicsExtensions on input line 452.

(/usr/local/texlive/2014/texmf-dist/tex/latex/latexconfig/epstopdf-sys.cfg
File: epstopdf-sys.cfg 2010/07/13 v1.3 Configuration of (r)epstopdf for TeX Liv
e
))
*geometry* driver: auto-detecting
*geometry* detected driver: pdftex
*geometry* verbose mode - [ preamble ] result:
* driver: pdftex
* paper: <default>
* layout: <same size as paper>
* layoutoffset:(h,v)=(0.0pt,0.0pt)
* modes: 
* h-part:(L,W,R)=(72.26999pt, 469.75502pt, 72.26999pt)
* v-part:(T,H,B)=(72.26999pt, 650.43001pt, 72.26999pt)
* \paperwidth=614.295pt
* \paperheight=794.96999pt
* \textwidth=469.75502pt
* \textheight=650.43001pt
* \oddsidemargin=0.0pt
* \evensidemargin=0.0pt
* \topmargin=-37.0pt
* \headheight=12.0pt
* \headsep=25.0pt
* \topskip=10.0pt
* \footskip=30.0pt
* \marginparwidth=65.0pt
* \marginparsep=11.0pt
* \columnsep=10.0pt
* \skip\footins=9.0pt plus 4.0pt minus 2.0pt
* \hoffset=0.0pt
* \voffset=0.0pt
* \mag=1000
* \@twocolumnfalse
* \@twosidefalse
* \@mparswitchfalse
* \@reversemarginfalse
* (1in=72.27pt=25.4mm, 1cm=28.453pt)

\AtBeginShipoutBox=\box29
Package hyperref Info: Link coloring OFF on input line 33.
(/usr/local/texlive/2014/texmf-dist/tex/latex/hyperref/nameref.sty
Package: nameref 2012/10/27 v2.43 Cross-referencing by name of section

(/usr/local/texlive/2014/texmf-dist/tex/generic/oberdiek/gettitlestring.sty
Package: gettitlestring 2010/12/03 v1.4 Cleanup title references (HO)
)
\c@section@level=\count109
)
LaTeX Info: Redefining \ref on input line 33.
LaTeX Info: Redefining \pageref on input line 33.
LaTeX Info: Redefining \nameref on input line 33.

(/Users/alexey/Documents/tex/2015:2016/out/essay.out)
(/Users/alexey/Documents/tex/2015:2016/out/essay.out)
\@outlinefile=\write3
\openout3 = `essay.out'.


<savonia.jpg, id=48, 139.722pt x 37.5804pt>
File: savonia.jpg Graphic file (type jpg)
 <use savonia.jpg>
Package pdftex.def Info: savonia.jpg used on input line 41.
(pdftex.def)             Requested size: 139.72165pt x 37.58029pt.
LaTeX Font Info:    External font `cmex10' loaded for size
(Font)              <12> on input line 41.
LaTeX Font Info:    External font `cmex10' loaded for size
(Font)              <8> on input line 41.
LaTeX Font Info:    External font `cmex10' loaded for size
(Font)              <6> on input line 41.


LaTeX Warning: No \author given.

[1

{/usr/local/texlive/2014/texmf-var/fonts/map/pdftex/updmap/pdftex.map} <./savon
ia.jpg>]
LaTeX Font Info:    Font shape `OT1/ptm/bx/n' in size <14.4> not available
(Font)              Font shape `OT1/ptm/b/n' tried instead on input line 60.
 (/Users/alexey/Documents/tex/2015:2016/out/essay.toc
LaTeX Font Info:    Font shape `OT1/ptm/bx/n' in size <10> not available
(Font)              Font shape `OT1/ptm/b/n' tried instead on input line 2.
LaTeX Font Info:    External font `cmex10' loaded for size
(Font)              <7> on input line 4.
LaTeX Font Info:    External font `cmex10' loaded for size
(Font)              <5> on input line 4.
)
\tf@toc=\write4
\openout4 = `essay.toc'.

pdfTeX warning (ext4): destination with the same identifier (name{page.1}) has 
been already used, duplicate ignored
<to be read again> 
                   \relax 
l.62 \newpage
              [1]
LaTeX Font Info:    Try loading font information for OMS+ptm on input line 71.

(/usr/local/texlive/2014/texmf-dist/tex/latex/psnfss/omsptm.fd
File: omsptm.fd 
)
LaTeX Font Info:    Font shape `OMS/ptm/m/n' in size <10> not available
(Font)              Font shape `OMS/cmsy/m/n' tried instead on input line 71.

Underfull \hbox (badness 10000) in paragraph at lines 93--94

 []

LaTeX Font Info:    Font shape `OT1/ptm/bx/n' in size <12> not available
(Font)              Font shape `OT1/ptm/b/n' tried instead on input line 95.
[2]
Underfull \hbox (badness 10000) in paragraph at lines 137--138

 []

[3]
Underfull \hbox (badness 10000) in paragraph at lines 170--172

 []


Underfull \hbox (badness 10000) in paragraph at lines 179--180

 []

Missing character: There is no Ã in font ptmr7t!
Missing character: There is no « in font ptmr7t!

Underfull \hbox (badness 10000) in paragraph at lines 186--187

 []


Underfull \hbox (badness 10000) in paragraph at lines 188--189

 []

[4] [5]
Underfull \hbox (badness 10000) in paragraph at lines 271--272

 []


Overfull \hbox (3.68407pt too wide) in paragraph at lines 289--289
[]\OT1/ptm/m/n/10 No| 
 []


Underfull \hbox (badness 6380) in paragraph at lines 289--289
[]\OT1/ptm/m/n/10 Affected Ar-
 []


Overfull \hbox (1.77028pt too wide) in paragraph at lines 289--289
[]\OT1/ptm/m/n/10 Probability| 
 []


Underfull \hbox (badness 2529) in paragraph at lines 289--290
[]\OT1/ptm/m/n/10 Potential Re-
 []


Underfull \hbox (badness 3364) in paragraph at lines 299--300
\OT1/ptm/m/n/10 able at Uni-
 []


Underfull \hbox (badness 7133) in paragraph at lines 303--303
[]\OT1/ptm/m/n/10 Teammate is
 []


Underfull \hbox (badness 2334) in paragraph at lines 303--303
\OT1/ptm/m/n/10 sick and not
 []


Underfull \hbox (badness 10000) in paragraph at lines 309--310
[]\OT1/ptm/m/n/10 Reallocate
 []


Underfull \hbox (badness 10000) in paragraph at lines 309--310
\OT1/ptm/m/n/10 tasks of
 []


Underfull \hbox (badness 10000) in paragraph at lines 309--310
\OT1/ptm/m/n/10 the sick
 []


Underfull \hbox (badness 10000) in paragraph at lines 309--310
\OT1/ptm/m/n/10 team-mate
 []


Underfull \hbox (badness 10000) in paragraph at lines 312--312
[]\OT1/ptm/m/n/10 Hardware
 []


Underfull \hbox (badness 10000) in paragraph at lines 313--313
[]\OT1/ptm/m/n/10 Hardware
 []


Underfull \hbox (badness 10000) in paragraph at lines 313--313
\OT1/ptm/m/n/10 prob-lems
 []


Underfull \hbox (badness 1502) in paragraph at lines 313--313
\OT1/ptm/m/n/10 dur-ing de-vel-
 []


Underfull \hbox (badness 10000) in paragraph at lines 319--320
[]\OT1/ptm/m/n/10 Troubleshoot
 []


Underfull \hbox (badness 10000) in paragraph at lines 319--320
\OT1/ptm/m/n/10 the de-vice,
 []


Underfull \hbox (badness 10000) in paragraph at lines 324--324
[]\OT1/ptm/m/n/10 BlueMix
 []


Underfull \hbox (badness 1533) in paragraph at lines 324--324
\OT1/ptm/m/n/10 Cloud is un-
 []


Underfull \hbox (badness 10000) in paragraph at lines 324--324
\OT1/ptm/m/n/10 avail-able for
 []


Underfull \hbox (badness 1565) in paragraph at lines 326--326
[]\OT1/ptm/m/n/10 Scope, Qual-
 []


Underfull \hbox (badness 10000) in paragraph at lines 330--331
[]\OT1/ptm/m/n/10 Move server
 []


Underfull \hbox (badness 10000) in paragraph at lines 340--340
[]\OT1/ptm/m/n/10 Civilisation
 []


Underfull \hbox (badness 1565) in paragraph at lines 342--342
[]\OT1/ptm/m/n/10 Scope, Qual-
 []


Underfull \hbox (badness 6641) in paragraph at lines 346--347
[]\OT1/ptm/m/n/10 Join par-ti-san
 []


Underfull \hbox (badness 10000) in paragraph at lines 346--347
\OT1/ptm/m/n/10 de-tach-ments
 []


Underfull \hbox (badness 10000) in paragraph at lines 346--347
\OT1/ptm/m/n/10 re-sis-tance,
 []


Underfull \hbox (badness 10000) in paragraph at lines 346--347
\OT1/ptm/m/n/10 stop de-
 []


Underfull \hbox (badness 10000) in paragraph at lines 346--347
\OT1/ptm/m/n/10 vel-op-ing,
 []


Underfull \hbox (badness 10000) in paragraph at lines 346--347
\OT1/ptm/m/n/10 the prod-uct
 []


Underfull \hbox (badness 10000) in paragraph at lines 346--347
\OT1/ptm/m/n/10 is use-less
 []


Underfull \hbox (badness 10000) in paragraph at lines 346--347
\OT1/ptm/m/n/10 in case of
 []


Overfull \hbox (36.58348pt too wide) in paragraph at lines 287--361
[]
 []


Overfull \hbox (36.58348pt too wide) in paragraph at lines 287--361
[]
 []


Underfull \hbox (badness 10000) in paragraph at lines 287--361

 []

[6]
Underfull \hbox (badness 10000) in paragraph at lines 363--364

 []


Underfull \hbox (badness 10000) in paragraph at lines 365--366

 []


Underfull \hbox (badness 10000) in paragraph at lines 367--368

 []


Underfull \hbox (badness 10000) in paragraph at lines 390--390
[]\OT1/ptm/m/n/10 Get project re-quire-
 []


Underfull \hbox (badness 10000) in paragraph at lines 390--390
\OT1/ptm/m/n/10 ments, ask ques-tion
 []


Overfull \hbox (2.75053pt too wide) in paragraph at lines 392--392
[]\OT1/ptm/m/n/10 Supervisor,
 []


Underfull \hbox (badness 10000) in paragraph at lines 396--396
[]\OT1/ptm/m/n/10 Meeting
 []


Underfull \hbox (badness 10000) in paragraph at lines 396--396
\OT1/ptm/m/n/10 (brain-
 []


Underfull \hbox (badness 1281) in paragraph at lines 397--397
[]\OT1/ptm/m/n/10 Create the idea of the
 []


Underfull \hbox (badness 10000) in paragraph at lines 397--397
\OT1/ptm/m/n/10 project in ac-cor-dance
 []


Underfull \hbox (badness 10000) in paragraph at lines 401--402
[]\OT1/ptm/m/n/10 Concept of the
 []


Overfull \hbox (2.75053pt too wide) in paragraph at lines 406--406
[]\OT1/ptm/m/n/10 Supervisor,
 []


Underfull \hbox (badness 10000) in paragraph at lines 411--411
[]\OT1/ptm/m/n/10 Reconcile the scope
 []


Overfull \hbox (2.75053pt too wide) in paragraph at lines 413--413
[]\OT1/ptm/m/n/10 Supervisor,
 []


Underfull \hbox (badness 4805) in paragraph at lines 415--416
[]\OT1/ptm/m/n/10 Permission to start
 []


Underfull \hbox (badness 10000) in paragraph at lines 415--416
\OT1/ptm/m/n/10 ac-tual de-vel-op-ment
 []


Underfull \hbox (badness 10000) in paragraph at lines 417--417
[]\OT1/ptm/m/n/10 Meeting
 []


Underfull \hbox (badness 10000) in paragraph at lines 417--417
\OT1/ptm/m/n/10 (brain-
 []


Underfull \hbox (badness 10000) in paragraph at lines 424--424
[]\OT1/ptm/m/n/10 Meeting
 []


Underfull \hbox (badness 10000) in paragraph at lines 424--424
\OT1/ptm/m/n/10 (brain-
 []


Underfull \hbox (badness 1845) in paragraph at lines 425--425
[]\OT1/ptm/m/n/10 Identify the tech-no-log-
 []


Underfull \hbox (badness 2726) in paragraph at lines 425--425
\OT1/ptm/m/n/10 i-cal im-ple-men-ta-tion of
 []


Underfull \hbox (badness 10000) in paragraph at lines 431--431
[]\OT1/ptm/m/n/10 Meeting
 []


Underfull \hbox (badness 10000) in paragraph at lines 431--431
\OT1/ptm/m/n/10 (brain-
 []


Underfull \hbox (badness 2856) in paragraph at lines 432--432
[]\OT1/ptm/m/n/10 Identify the de-tails of
 []


Underfull \hbox (badness 2261) in paragraph at lines 439--439
\OT1/ptm/m/n/10 in-de-pen-dent parts with
 []


Underfull \hbox (badness 2941) in paragraph at lines 446--446
[]\OT1/ptm/m/n/10 Set dead-lines, iden-tify
 []


Underfull \hbox (badness 3271) in paragraph at lines 460--460
[]\OT1/ptm/m/n/10 Demonstrate re-sults to
 []


Overfull \hbox (2.75053pt too wide) in paragraph at lines 462--462
[]\OT1/ptm/m/n/10 Supervisor,
 []


Underfull \hbox (badness 4132) in paragraph at lines 464--465
[]\OT1/ptm/m/n/10 Feedback from the
 []


Overfull \hbox (6.76016pt too wide) in paragraph at lines 466--466
[]\OT1/ptm/m/n/10 Presentation| 
 []


Overfull \hbox (2.75053pt too wide) in paragraph at lines 469--469
[]\OT1/ptm/m/n/10 Supervisor,
 []


Underfull \hbox (badness 10000) in paragraph at lines 469--469
\OT1/ptm/m/n/10 Dev
 []


Underfull \hbox (badness 10000) in paragraph at lines 469--469
\OT1/ptm/m/n/10 Team,
 []


Underfull \hbox (badness 2932) in paragraph at lines 469--469
\OT1/ptm/m/n/10 other stu-
 []


Underfull \hbox (badness 2932) in paragraph at lines 469--469
\OT1/ptm/m/n/10 dents and
 []


Underfull \hbox (badness 4132) in paragraph at lines 471--472
[]\OT1/ptm/m/n/10 Feedback from the
 []


Underfull \hbox (badness 10000) in paragraph at lines 473--473
[]\OT1/ptm/m/n/10 Skype
 []


Underfull \hbox (badness 10000) in paragraph at lines 473--473
\OT1/ptm/m/n/10 con-ver-sa-
 []


Underfull \hbox (badness 7030) in paragraph at lines 474--474
[]\OT1/ptm/m/n/10 Discuss par-tic-u-lar de-
 []


Underfull \hbox (badness 10000) in paragraph at lines 474--474
\OT1/ptm/m/n/10 vel-op-ment pro-cess
 []


Underfull \hbox (badness 10000) in paragraph at lines 474--474
\OT1/ptm/m/n/10 and prob-lems with
 []


Underfull \hbox (badness 10000) in paragraph at lines 478--479
[]\OT1/ptm/m/n/10 Exchange opin-ions
 []


Underfull \hbox (badness 10000) in paragraph at lines 478--479
\OT1/ptm/m/n/10 about par-tic-u-lar
 []


Underfull \hbox (badness 10000) in paragraph at lines 478--479
\OT1/ptm/m/n/10 prob-lems, share
 []


Overfull \hbox (2.75053pt too wide) in paragraph at lines 483--483
[]\OT1/ptm/m/n/10 Supervisor,
 []


Underfull \hbox (badness 10000) in paragraph at lines 382--488

 []

[7]
Underfull \hbox (badness 10000) in paragraph at lines 490--491

 []

[8]
Underfull \hbox (badness 10000) in paragraph at lines 495--496

 []

Package atveryend Info: Empty hook `BeforeClearDocument' on input line 513.
[9]
Package atveryend Info: Empty hook `AfterLastShipout' on input line 513.
 (/Users/alexey/Documents/tex/2015:2016/out/essay.aux)
Package atveryend Info: Executing hook `AtVeryEndDocument' on input line 513.
Package atveryend Info: Executing hook `AtEndAfterFileList' on input line 513.
Package rerunfilecheck Info: File `essay.out' has not changed.
(rerunfilecheck)             Checksum: <no file>.
Package atveryend Info: Empty hook `AtVeryVeryEnd' on input line 513.
 ) 
Here is how much of TeX's memory you used:
 6653 strings out of 493117
 98301 string characters out of 6135432
 211995 words of memory out of 5000000
 9916 multiletter control sequences out of 15000+600000
 22468 words of font info for 45 fonts, out of 8000000 for 9000
 1141 hyphenation exceptions out of 8191
 29i,10n,43p,640b,573s stack positions out of 5000i,500n,10000p,200000b,80000s
{/usr/local/texlive/2014/texmf-dist/fonts/enc/dvips/base/8r.enc}</usr/local/t
exlive/2014/texmf-dist/fonts/type1/public/amsfonts/cm/cmsy10.pfb></usr/local/te
xlive/2014/texmf-dist/fonts/type1/urw/times/utmb8a.pfb></usr/local/texlive/2014
/texmf-dist/fonts/type1/urw/times/utmr8a.pfb>
Output written on /Users/alexey/Documents/tex/2015:2016/out/essay.pdf (10 pages
, 106071 bytes).
PDF statistics:
 249 PDF objects out of 1000 (max. 8388607)
 230 compressed objects within 3 object streams
 115 named destinations out of 1000 (max. 500000)
 94 words of extra memory for PDF output out of 10000 (max. 10000000)

