\BOOKMARK [1][-]{section.1}{Introduction}{}% 1
\BOOKMARK [1][-]{section.2}{General principle and main types of the pressure sensor}{}% 2
\BOOKMARK [2][-]{subsection.2.1}{Sensor types}{section.2}% 3
\BOOKMARK [2][-]{subsection.2.2}{General principles}{section.2}% 4
\BOOKMARK [1][-]{section.3}{Main applications of the pressure sensor}{}% 5
\BOOKMARK [2][-]{subsection.3.1}{Touch detection}{section.3}% 6
\BOOKMARK [2][-]{subsection.3.2}{Automotive Industry}{section.3}% 7
\BOOKMARK [2][-]{subsection.3.3}{Bio Medical Instrumentation}{section.3}% 8
\BOOKMARK [2][-]{subsection.3.4}{Industry and factories}{section.3}% 9
\BOOKMARK [2][-]{subsection.3.5}{Marine and aviation}{section.3}% 10
\BOOKMARK [2][-]{subsection.3.6}{The weather forecasting}{section.3}% 11
\BOOKMARK [2][-]{subsection.3.7}{Research}{section.3}% 12
\BOOKMARK [2][-]{subsection.3.8}{Robotics}{section.3}% 13
\BOOKMARK [1][-]{section.4}{Markets and history of the pressure sensor}{}% 14
\BOOKMARK [2][-]{subsection.4.1}{Early development}{section.4}% 15
\BOOKMARK [2][-]{subsection.4.2}{80-s}{section.4}% 16
\BOOKMARK [2][-]{subsection.4.3}{90-s}{section.4}% 17
\BOOKMARK [2][-]{subsection.4.4}{00-s}{section.4}% 18
\BOOKMARK [1][-]{section.5}{Fabrication of the pressure sensor}{}% 19
\BOOKMARK [1][-]{section.6}{Commercial manufacturers of the pressure sensor}{}% 20
\BOOKMARK [2][-]{subsection.6.1}{Honeywell}{section.6}% 21
\BOOKMARK [2][-]{subsection.6.2}{Omron}{section.6}% 22
\BOOKMARK [2][-]{subsection.6.3}{STMicroelectronics}{section.6}% 23
\BOOKMARK [1][-]{section.7}{Presentation of a commercial pressure sensor with main specifications}{}% 24
\BOOKMARK [2][-]{subsection.7.1}{Testing environment}{section.7}% 25
\BOOKMARK [1][-]{section.8}{Conclusion}{}% 26
