\BOOKMARK [1][-]{section.1}{System Database}{}% 1
\BOOKMARK [2][-]{subsection.1.1}{Master Database}{section.1}% 2
\BOOKMARK [2][-]{subsection.1.2}{MSDB Database}{section.1}% 3
\BOOKMARK [2][-]{subsection.1.3}{Model Database}{section.1}% 4
\BOOKMARK [2][-]{subsection.1.4}{Resource Database}{section.1}% 5
\BOOKMARK [2][-]{subsection.1.5}{Tempdb Database}{section.1}% 6
\BOOKMARK [1][-]{section.2}{Disk storage and paging}{}% 7
\BOOKMARK [2][-]{subsection.2.1}{Content of database}{section.2}% 8
\BOOKMARK [2][-]{subsection.2.2}{Space Allocation}{section.2}% 9
\BOOKMARK [2][-]{subsection.2.3}{Physical storage}{section.2}% 10
\BOOKMARK [2][-]{subsection.2.4}{Buffer management}{section.2}% 11
\BOOKMARK [2][-]{subsection.2.5}{Concurrency and locking}{section.2}% 12
\BOOKMARK [1][-]{section.3}{DBCC commands}{}% 13
\BOOKMARK [2][-]{subsection.3.1}{Main Console Commands}{section.3}% 14
\BOOKMARK [2][-]{subsection.3.2}{Testing Database with DBCC}{section.3}% 15
\BOOKMARK [1][-]{section.4}{Backups}{}% 16
\BOOKMARK [2][-]{subsection.4.1}{Backup example}{section.4}% 17
\BOOKMARK [2][-]{subsection.4.2}{Restore database}{section.4}% 18
\BOOKMARK [2][-]{subsection.4.3}{SQL Server Agent}{section.4}% 19
\BOOKMARK [1][-]{section.5}{Replication}{}% 20
\BOOKMARK [2][-]{subsection.5.1}{Replication Creation}{section.5}% 21
