This is pdfTeX, Version 3.1415926-2.5-1.40.14 (MiKTeX 2.9 64-bit) (preloaded format=pdflatex 2014.9.10)  23 NOV 2014 12:57
entering extended mode
**Administration.tex
(F:\my\docs\tex\Administration.tex
LaTeX2e <2011/06/27>
Babel <v3.8m> and hyphenation patterns for english, afrikaans, ancientgreek, ar
abic, armenian, assamese, basque, bengali, bokmal, bulgarian, catalan, coptic, 
croatian, czech, danish, dutch, esperanto, estonian, farsi, finnish, french, ga
lician, german, german-x-2013-05-26, greek, gujarati, hindi, hungarian, iceland
ic, indonesian, interlingua, irish, italian, kannada, kurmanji, latin, latvian,
 lithuanian, malayalam, marathi, mongolian, mongolianlmc, monogreek, ngerman, n
german-x-2013-05-26, nynorsk, oriya, panjabi, pinyin, polish, portuguese, roman
ian, russian, sanskrit, serbian, slovak, slovenian, spanish, swedish, swissgerm
an, tamil, telugu, turkish, turkmen, ukenglish, ukrainian, uppersorbian, usengl
ishmax, welsh, loaded.
("C:\Program Files\MiKTeX 2.9\tex\latex\base\article.cls"
Document Class: article 2007/10/19 v1.4h Standard LaTeX document class
("C:\Program Files\MiKTeX 2.9\tex\latex\base\size10.clo"
File: size10.clo 2007/10/19 v1.4h Standard LaTeX file (size option)
)
\c@part=\count79
\c@section=\count80
\c@subsection=\count81
\c@subsubsection=\count82
\c@paragraph=\count83
\c@subparagraph=\count84
\c@figure=\count85
\c@table=\count86
\abovecaptionskip=\skip41
\belowcaptionskip=\skip42
\bibindent=\dimen102
)
("C:\Program Files\MiKTeX 2.9\tex\latex\graphics\graphicx.sty"
Package: graphicx 1999/02/16 v1.0f Enhanced LaTeX Graphics (DPC,SPQR)

("C:\Program Files\MiKTeX 2.9\tex\latex\graphics\keyval.sty"
Package: keyval 1999/03/16 v1.13 key=value parser (DPC)
\KV@toks@=\toks14
)
("C:\Program Files\MiKTeX 2.9\tex\latex\graphics\graphics.sty"
Package: graphics 2009/02/05 v1.0o Standard LaTeX Graphics (DPC,SPQR)

("C:\Program Files\MiKTeX 2.9\tex\latex\graphics\trig.sty"
Package: trig 1999/03/16 v1.09 sin cos tan (DPC)
)
("C:\Program Files\MiKTeX 2.9\tex\latex\00miktex\graphics.cfg"
File: graphics.cfg 2007/01/18 v1.5 graphics configuration of teTeX/TeXLive
)
Package graphics Info: Driver file: pdftex.def on input line 91.

("C:\Program Files\MiKTeX 2.9\tex\latex\pdftex-def\pdftex.def"
File: pdftex.def 2011/05/27 v0.06d Graphics/color for pdfTeX

("C:\Program Files\MiKTeX 2.9\tex\generic\oberdiek\infwarerr.sty"
Package: infwarerr 2010/04/08 v1.3 Providing info/warning/error messages (HO)
)
("C:\Program Files\MiKTeX 2.9\tex\generic\oberdiek\ltxcmds.sty"
Package: ltxcmds 2011/11/09 v1.22 LaTeX kernel commands for general use (HO)
)
\Gread@gobject=\count87
))
\Gin@req@height=\dimen103
\Gin@req@width=\dimen104
)
("C:\Program Files\MiKTeX 2.9\tex\latex\psnfss\times.sty"
Package: times 2005/04/12 PSNFSS-v9.2a (SPQR) 
)
("C:\Program Files\MiKTeX 2.9\tex\latex\psnfss\pifont.sty"
Package: pifont 2005/04/12 PSNFSS-v9.2a Pi font support (SPQR) 
LaTeX Font Info:    Try loading font information for U+pzd on input line 63.

("C:\Program Files\MiKTeX 2.9\tex\latex\psnfss\upzd.fd"
File: upzd.fd 2001/06/04 font definitions for U/pzd.
)
LaTeX Font Info:    Try loading font information for U+psy on input line 64.

("C:\Program Files\MiKTeX 2.9\tex\latex\psnfss\upsy.fd"
File: upsy.fd 2001/06/04 font definitions for U/psy.
))
("C:\Program Files\MiKTeX 2.9\tex\latex\geometry\geometry.sty"
Package: geometry 2010/09/12 v5.6 Page Geometry

("C:\Program Files\MiKTeX 2.9\tex\generic\oberdiek\ifpdf.sty"
Package: ifpdf 2011/01/30 v2.3 Provides the ifpdf switch (HO)
Package ifpdf Info: pdfTeX in PDF mode is detected.
)
("C:\Program Files\MiKTeX 2.9\tex\generic\oberdiek\ifvtex.sty"
Package: ifvtex 2010/03/01 v1.5 Detect VTeX and its facilities (HO)
Package ifvtex Info: VTeX not detected.
)
("C:\Program Files\MiKTeX 2.9\tex\generic\ifxetex\ifxetex.sty"
Package: ifxetex 2010/09/12 v0.6 Provides ifxetex conditional
)
\Gm@cnth=\count88
\Gm@cntv=\count89
\c@Gm@tempcnt=\count90
\Gm@bindingoffset=\dimen105
\Gm@wd@mp=\dimen106
\Gm@odd@mp=\dimen107
\Gm@even@mp=\dimen108
\Gm@layoutwidth=\dimen109
\Gm@layoutheight=\dimen110
\Gm@layouthoffset=\dimen111
\Gm@layoutvoffset=\dimen112
\Gm@dimlist=\toks15

("C:\Program Files\MiKTeX 2.9\tex\latex\geometry\geometry.cfg"))
("C:\Program Files\MiKTeX 2.9\tex\latex\eurosym\eurosym.sty"
Package: eurosym 1998/08/06 v1.1 European currency symbol ``Euro''
\@eurobox=\box26
)
("C:\Program Files\MiKTeX 2.9\tex\latex\fancyhdr\fancyhdr.sty"
\fancy@headwidth=\skip43
\f@ncyO@elh=\skip44
\f@ncyO@erh=\skip45
\f@ncyO@olh=\skip46
\f@ncyO@orh=\skip47
\f@ncyO@elf=\skip48
\f@ncyO@erf=\skip49
\f@ncyO@olf=\skip50
\f@ncyO@orf=\skip51
)
("C:\Program Files\MiKTeX 2.9\tex\latex\hyperref\hyperref.sty"
Package: hyperref 2012/11/06 v6.83m Hypertext links for LaTeX

("C:\Program Files\MiKTeX 2.9\tex\generic\oberdiek\hobsub-hyperref.sty"
Package: hobsub-hyperref 2012/04/25 v1.12 Bundle oberdiek, subset hyperref (HO)


("C:\Program Files\MiKTeX 2.9\tex\generic\oberdiek\hobsub-generic.sty"
Package: hobsub-generic 2012/04/25 v1.12 Bundle oberdiek, subset generic (HO)
Package: hobsub 2012/04/25 v1.12 Construct package bundles (HO)
Package hobsub Info: Skipping package `infwarerr' (already loaded).
Package hobsub Info: Skipping package `ltxcmds' (already loaded).
Package: ifluatex 2010/03/01 v1.3 Provides the ifluatex switch (HO)
Package ifluatex Info: LuaTeX not detected.
Package hobsub Info: Skipping package `ifvtex' (already loaded).
Package: intcalc 2007/09/27 v1.1 Expandable calculations with integers (HO)
Package hobsub Info: Skipping package `ifpdf' (already loaded).
Package: etexcmds 2011/02/16 v1.5 Avoid name clashes with e-TeX commands (HO)
Package etexcmds Info: Could not find \expanded.
(etexcmds)             That can mean that you are not using pdfTeX 1.50 or
(etexcmds)             that some package has redefined \expanded.
(etexcmds)             In the latter case, load this package earlier.
Package: kvsetkeys 2012/04/25 v1.16 Key value parser (HO)
Package: kvdefinekeys 2011/04/07 v1.3 Define keys (HO)
Package: pdftexcmds 2011/11/29 v0.20 Utility functions of pdfTeX for LuaTeX (HO
)
Package pdftexcmds Info: LuaTeX not detected.
Package pdftexcmds Info: \pdf@primitive is available.
Package pdftexcmds Info: \pdf@ifprimitive is available.
Package pdftexcmds Info: \pdfdraftmode found.
Package: pdfescape 2011/11/25 v1.13 Implements pdfTeX's escape features (HO)
Package: bigintcalc 2012/04/08 v1.3 Expandable calculations on big integers (HO
)
Package: bitset 2011/01/30 v1.1 Handle bit-vector datatype (HO)
Package: uniquecounter 2011/01/30 v1.2 Provide unlimited unique counter (HO)
)
Package hobsub Info: Skipping package `hobsub' (already loaded).
Package: letltxmacro 2010/09/02 v1.4 Let assignment for LaTeX macros (HO)
Package: hopatch 2011/06/24 v1.1 Wrapper for package hooks (HO)
Package: xcolor-patch 2011/01/30 xcolor patch
Package: atveryend 2011/06/30 v1.8 Hooks at the very end of document (HO)
Package atveryend Info: \enddocument detected (standard20110627).
Package: atbegshi 2011/10/05 v1.16 At begin shipout hook (HO)
Package: refcount 2011/10/16 v3.4 Data extraction from label references (HO)
Package: hycolor 2011/01/30 v1.7 Color options for hyperref/bookmark (HO)
)
("C:\Program Files\MiKTeX 2.9\tex\latex\oberdiek\auxhook.sty"
Package: auxhook 2011/03/04 v1.3 Hooks for auxiliary files (HO)
)
("C:\Program Files\MiKTeX 2.9\tex\latex\oberdiek\kvoptions.sty"
Package: kvoptions 2011/06/30 v3.11 Key value format for package options (HO)
)
\@linkdim=\dimen113
\Hy@linkcounter=\count91
\Hy@pagecounter=\count92

("C:\Program Files\MiKTeX 2.9\tex\latex\hyperref\pd1enc.def"
File: pd1enc.def 2012/11/06 v6.83m Hyperref: PDFDocEncoding definition (HO)
)
\Hy@SavedSpaceFactor=\count93

("C:\Program Files\MiKTeX 2.9\tex\latex\00miktex\hyperref.cfg"
File: hyperref.cfg 2002/06/06 v1.2 hyperref configuration of TeXLive
)
Package hyperref Info: Hyper figures OFF on input line 4443.
Package hyperref Info: Link nesting OFF on input line 4448.
Package hyperref Info: Hyper index ON on input line 4451.
Package hyperref Info: Plain pages OFF on input line 4458.
Package hyperref Info: Backreferencing OFF on input line 4463.
Package hyperref Info: Implicit mode ON; LaTeX internals redefined.
Package hyperref Info: Bookmarks ON on input line 4688.
\c@Hy@tempcnt=\count94

("C:\Program Files\MiKTeX 2.9\tex\latex\url\url.sty"
\Urlmuskip=\muskip10
Package: url 2013/09/16  ver 3.4  Verb mode for urls, etc.
)
LaTeX Info: Redefining \url on input line 5041.
\XeTeXLinkMargin=\dimen114
\Fld@menulength=\count95
\Field@Width=\dimen115
\Fld@charsize=\dimen116
Package hyperref Info: Hyper figures OFF on input line 6295.
Package hyperref Info: Link nesting OFF on input line 6300.
Package hyperref Info: Hyper index ON on input line 6303.
Package hyperref Info: backreferencing OFF on input line 6310.
Package hyperref Info: Link coloring OFF on input line 6315.
Package hyperref Info: Link coloring with OCG OFF on input line 6320.
Package hyperref Info: PDF/A mode OFF on input line 6325.
LaTeX Info: Redefining \ref on input line 6365.
LaTeX Info: Redefining \pageref on input line 6369.
\Hy@abspage=\count96
\c@Item=\count97
\c@Hfootnote=\count98
)

Package hyperref Message: Driver (autodetected): hpdftex.

("C:\Program Files\MiKTeX 2.9\tex\latex\hyperref\hpdftex.def"
File: hpdftex.def 2012/11/06 v6.83m Hyperref driver for pdfTeX
\Fld@listcount=\count99
\c@bookmark@seq@number=\count100

("C:\Program Files\MiKTeX 2.9\tex\latex\oberdiek\rerunfilecheck.sty"
Package: rerunfilecheck 2011/04/15 v1.7 Rerun checks for auxiliary files (HO)
Package uniquecounter Info: New unique counter `rerunfilecheck' on input line 2
82.
)
\Hy@SectionHShift=\skip52
)
("C:\Program Files\MiKTeX 2.9\tex\latex\float\float.sty"
Package: float 2001/11/08 v1.3d Float enhancements (AL)
\c@float@type=\count101
\float@exts=\toks16
\float@box=\box27
\@float@everytoks=\toks17
\@floatcapt=\box28
)
(F:\my\docs\tex\Administration.aux)
LaTeX Font Info:    Checking defaults for OML/cmm/m/it on input line 33.
LaTeX Font Info:    ... okay on input line 33.
LaTeX Font Info:    Checking defaults for T1/cmr/m/n on input line 33.
LaTeX Font Info:    ... okay on input line 33.
LaTeX Font Info:    Checking defaults for OT1/cmr/m/n on input line 33.
LaTeX Font Info:    ... okay on input line 33.
LaTeX Font Info:    Checking defaults for OMS/cmsy/m/n on input line 33.
LaTeX Font Info:    ... okay on input line 33.
LaTeX Font Info:    Checking defaults for OMX/cmex/m/n on input line 33.
LaTeX Font Info:    ... okay on input line 33.
LaTeX Font Info:    Checking defaults for U/cmr/m/n on input line 33.
LaTeX Font Info:    ... okay on input line 33.
LaTeX Font Info:    Checking defaults for PD1/pdf/m/n on input line 33.
LaTeX Font Info:    ... okay on input line 33.
LaTeX Font Info:    Try loading font information for OT1+ptm on input line 33.

("C:\Program Files\MiKTeX 2.9\tex\latex\psnfss\ot1ptm.fd"
File: ot1ptm.fd 2001/06/04 font definitions for OT1/ptm.
)
("C:\Program Files\MiKTeX 2.9\tex\context\base\supp-pdf.mkii"
[Loading MPS to PDF converter (version 2006.09.02).]
\scratchcounter=\count102
\scratchdimen=\dimen117
\scratchbox=\box29
\nofMPsegments=\count103
\nofMParguments=\count104
\everyMPshowfont=\toks18
\MPscratchCnt=\count105
\MPscratchDim=\dimen118
\MPnumerator=\count106
\makeMPintoPDFobject=\count107
\everyMPtoPDFconversion=\toks19
)
*geometry* driver: auto-detecting
*geometry* detected driver: pdftex
*geometry* verbose mode - [ preamble ] result:
* driver: pdftex
* paper: <default>
* layout: <same size as paper>
* layoutoffset:(h,v)=(0.0pt,0.0pt)
* modes: 
* h-part:(L,W,R)=(72.26999pt, 469.75502pt, 72.26999pt)
* v-part:(T,H,B)=(72.26999pt, 650.43001pt, 72.26999pt)
* \paperwidth=614.295pt
* \paperheight=794.96999pt
* \textwidth=469.75502pt
* \textheight=650.43001pt
* \oddsidemargin=0.0pt
* \evensidemargin=0.0pt
* \topmargin=-37.0pt
* \headheight=12.0pt
* \headsep=25.0pt
* \topskip=10.0pt
* \footskip=30.0pt
* \marginparwidth=65.0pt
* \marginparsep=11.0pt
* \columnsep=10.0pt
* \skip\footins=9.0pt plus 4.0pt minus 2.0pt
* \hoffset=0.0pt
* \voffset=0.0pt
* \mag=1000
* \@twocolumnfalse
* \@twosidefalse
* \@mparswitchfalse
* \@reversemarginfalse
* (1in=72.27pt=25.4mm, 1cm=28.453pt)

\AtBeginShipoutBox=\box30
Package hyperref Info: Link coloring OFF on input line 33.
("C:\Program Files\MiKTeX 2.9\tex\latex\hyperref\nameref.sty"
Package: nameref 2012/10/27 v2.43 Cross-referencing by name of section

("C:\Program Files\MiKTeX 2.9\tex\generic\oberdiek\gettitlestring.sty"
Package: gettitlestring 2010/12/03 v1.4 Cleanup title references (HO)
)
\c@section@level=\count108
)
LaTeX Info: Redefining \ref on input line 33.
LaTeX Info: Redefining \pageref on input line 33.
LaTeX Info: Redefining \nameref on input line 33.

(F:\my\docs\tex\Administration.out) (F:\my\docs\tex\Administration.out)
\@outlinefile=\write3

<savonia.jpg, id=87, 139.722pt x 37.5804pt>
File: savonia.jpg Graphic file (type jpg)
 <use savonia.jpg>
Package pdftex.def Info: savonia.jpg used on input line 41.
(pdftex.def)             Requested size: 139.72165pt x 37.58029pt.
LaTeX Font Info:    External font `cmex10' loaded for size
(Font)              <12> on input line 41.
LaTeX Font Info:    External font `cmex10' loaded for size
(Font)              <8> on input line 41.
LaTeX Font Info:    External font `cmex10' loaded for size
(Font)              <6> on input line 41.


LaTeX Warning: No \author given.

[1

{C:/ProgramData/MiKTeX/2.9/pdftex/config/pdftex.map} <F:/my/docs/tex/savonia.jp
g>]
LaTeX Font Info:    Font shape `OT1/ptm/bx/n' in size <14.4> not available
(Font)              Font shape `OT1/ptm/b/n' tried instead on input line 60.
 (F:\my\docs\tex\Administration.toc
LaTeX Font Info:    Font shape `OT1/ptm/bx/n' in size <10> not available
(Font)              Font shape `OT1/ptm/b/n' tried instead on input line 1.
LaTeX Font Info:    External font `cmex10' loaded for size
(Font)              <7> on input line 2.
LaTeX Font Info:    External font `cmex10' loaded for size
(Font)              <5> on input line 2.
)
\tf@toc=\write4
pdfTeX warning (ext4): destination with the same identifier (name{page.1}) has 
been already used, duplicate ignored
<to be read again> 
                   \relax 
l.62 \newpage
              [1]
LaTeX Font Info:    Font shape `OT1/ptm/bx/n' in size <12> not available
(Font)              Font shape `OT1/ptm/b/n' tried instead on input line 68.
Missing character: There is no ‚ in font ptmr7t!
Missing character: There is no Ä in font ptmr7t!
Missing character: There is no ì in font ptmr7t!
 [2]
LaTeX Font Info:    Try loading font information for OMS+ptm on input line 105.

 ("C:\Program Files\MiKTeX 2.9\tex\latex\psnfss\omsptm.fd"
File: omsptm.fd 
)
LaTeX Font Info:    Font shape `OMS/ptm/m/n' in size <10> not available
(Font)              Font shape `OMS/cmsy/m/n' tried instead on input line 105.

Underfull \hbox (badness 10000) in paragraph at lines 110--113

 []

[3] <administration/rep/15.png, id=135, 296.60812pt x 366.61969pt>
File: administration/rep/15.png Graphic file (type png)

<use administration/rep/15.png>
Package pdftex.def Info: administration/rep/15.png used on input line 135.
(pdftex.def)             Requested size: 237.2868pt x 293.29614pt.

Underfull \hbox (badness 10000) in paragraph at lines 137--138

 []

[4 <F:/my/docs/tex/administration/rep/15.png>]
Underfull \hbox (badness 10000) in paragraph at lines 153--245

 []


Underfull \hbox (badness 10000) in paragraph at lines 153--245

 []


Underfull \hbox (badness 10000) in paragraph at lines 153--245

 []


Underfull \hbox (badness 10000) in paragraph at lines 153--245

 []


Underfull \hbox (badness 10000) in paragraph at lines 153--245

 []


Underfull \hbox (badness 10000) in paragraph at lines 153--245

 []


Underfull \hbox (badness 10000) in paragraph at lines 153--245

 []


Underfull \hbox (badness 10000) in paragraph at lines 153--245

 []


Underfull \hbox (badness 10000) in paragraph at lines 153--245

 []


Underfull \hbox (badness 10000) in paragraph at lines 153--245

 []


Underfull \hbox (badness 10000) in paragraph at lines 153--245

 []


Underfull \hbox (badness 10000) in paragraph at lines 153--245

 []


Underfull \hbox (badness 10000) in paragraph at lines 153--245

 []


Underfull \hbox (badness 10000) in paragraph at lines 153--245

 []


Underfull \hbox (badness 10000) in paragraph at lines 153--245

 []


Underfull \hbox (badness 10000) in paragraph at lines 153--245

 []


Underfull \hbox (badness 10000) in paragraph at lines 153--245

 []


Underfull \hbox (badness 10000) in paragraph at lines 153--245

 []


Underfull \hbox (badness 10000) in paragraph at lines 153--245

 []


Underfull \hbox (badness 10000) in paragraph at lines 153--245

 []


Underfull \hbox (badness 10000) in paragraph at lines 153--245

 []


Underfull \hbox (badness 10000) in paragraph at lines 153--245

 []


Underfull \hbox (badness 10000) in paragraph at lines 153--245

 []


Underfull \hbox (badness 10000) in paragraph at lines 153--245

 []


Underfull \hbox (badness 10000) in paragraph at lines 153--245

 []


Underfull \hbox (badness 10000) in paragraph at lines 153--245

 []


Underfull \hbox (badness 10000) in paragraph at lines 153--245

 []


Underfull \hbox (badness 10000) in paragraph at lines 153--245

 []


Underfull \hbox (badness 10000) in paragraph at lines 153--245

 []


Underfull \hbox (badness 10000) in paragraph at lines 153--245

 []


Underfull \hbox (badness 10000) in paragraph at lines 153--245

 []

[5] [6]
Missing character: There is no ‚ in font ptmr7t!
Missing character: There is no Ä in font ptmr7t!
Missing character: There is no ò in font ptmr7t!
Missing character: There is no ‚ in font ptmr7t!
Missing character: There is no Ä in font ptmr7t!
Missing character: There is no ô in font ptmr7t!
Missing character: There is no ‚ in font ptmr7t!
Missing character: There is no Ä in font ptmr7t!
Missing character: There is no ú in font ptmr7t!
Missing character: There is no ‚ in font ptmr7t!
Missing character: There is no Ä in font ptmr7t!
Missing character: There is no ù in font ptmr7t!
Missing character: There is no ‚ in font ptmr7t!
Missing character: There is no Ä in font ptmr7t!
Missing character: There is no ì in font ptmr7t!
 <administration/rep/16.png, id=151, 302.63063pt x 306.39468pt>
File: administration/rep/16.png Graphic file (type png)

<use administration/rep/16.png>
Package pdftex.def Info: administration/rep/16.png used on input line 250.
(pdftex.def)             Requested size: 302.62988pt x 306.39394pt.
LaTeX Font Info:    Try loading font information for OT1+pcr on input line 252.


("C:\Program Files\MiKTeX 2.9\tex\latex\psnfss\ot1pcr.fd"
File: ot1pcr.fd 2001/06/04 font definitions for OT1/pcr.
) [7 <F:/my/docs/tex/administration/rep/16.png>]
Underfull \hbox (badness 10000) in paragraph at lines 273--275

 []


Underfull \hbox (badness 10000) in paragraph at lines 284--286

 []

[8]
Underfull \hbox (badness 10000) in paragraph at lines 297--300

 []


Underfull \hbox (badness 10000) in paragraph at lines 297--300

 []


Underfull \hbox (badness 10000) in paragraph at lines 310--311

 []

<administration/1.png, id=163, 315.42844pt x 236.38312pt>
File: administration/1.png Graphic file (type png)

<use administration/1.png>
Package pdftex.def Info: administration/1.png used on input line 317.
(pdftex.def)             Requested size: 315.42766pt x 236.38254pt.
 [9]
Underfull \hbox (badness 10000) in paragraph at lines 335--338

 []

<administration/2.png, id=172, 368.1253pt x 332.74312pt>
File: administration/2.png Graphic file (type png)

<use administration/2.png>
Package pdftex.def Info: administration/2.png used on input line 345.
(pdftex.def)             Requested size: 294.50064pt x 266.19484pt.
 [10 <F:/my/docs/tex/administration/1.png>]
<administration/3.png, id=180, 370.38374pt x 330.48468pt>
File: administration/3.png Graphic file (type png)

<use administration/3.png>
Package pdftex.def Info: administration/3.png used on input line 347.
(pdftex.def)             Requested size: 296.30739pt x 264.38809pt.

Underfull \hbox (badness 10000) in paragraph at lines 346--348

 []

<administration/4.png, id=181, 331.99031pt x 70.76437pt>
File: administration/4.png Graphic file (type png)

<use administration/4.png>
Package pdftex.def Info: administration/4.png used on input line 349.
(pdftex.def)             Requested size: 265.59259pt x 56.61156pt.

Underfull \hbox (badness 10000) in paragraph at lines 348--351

 []

[11 <F:/my/docs/tex/administration/2.png> <F:/my/docs/tex/administration/3.png>
] <administration/5.png, id=190, 187.45032pt x 158.84344pt>
File: administration/5.png Graphic file (type png)

<use administration/5.png>
Package pdftex.def Info: administration/5.png used on input line 356.
(pdftex.def)             Requested size: 149.96043pt x 127.07492pt.

Underfull \hbox (badness 10000) in paragraph at lines 355--357

 []

<administration/6.png, id=191, 359.84438pt x 244.66406pt>
File: administration/6.png Graphic file (type png)

<use administration/6.png>
Package pdftex.def Info: administration/6.png used on input line 358.
(pdftex.def)             Requested size: 359.84349pt x 244.66345pt.

Underfull \hbox (badness 10000) in paragraph at lines 357--359

 []

<administration/7.png, id=192, 268.00125pt x 195.73125pt>
File: administration/7.png Graphic file (type png)

<use administration/7.png>
Package pdftex.def Info: administration/7.png used on input line 360.
(pdftex.def)             Requested size: 268.00058pt x 195.73076pt.

Underfull \hbox (badness 10000) in paragraph at lines 359--361

 []

[12 <F:/my/docs/tex/administration/4.png> <F:/my/docs/tex/administration/5.png>
 <F:/my/docs/tex/administration/6.png>]
<administration/8.png, id=204, 461.47406pt x 406.51875pt>
File: administration/8.png Graphic file (type png)

<use administration/8.png>
Package pdftex.def Info: administration/8.png used on input line 364.
(pdftex.def)             Requested size: 369.17973pt x 325.21542pt.

<administration/9.png, id=205, 458.46281pt x 402.75468pt>
File: administration/9.png Graphic file (type png)

<use administration/9.png>
Package pdftex.def Info: administration/9.png used on input line 365.
(pdftex.def)             Requested size: 366.77074pt x 322.20418pt.

Underfull \hbox (badness 10000) in paragraph at lines 361--366

 []


Underfull \hbox (badness 10000) in paragraph at lines 361--366

 []

[13 <F:/my/docs/tex/administration/7.png> <F:/my/docs/tex/administration/8.png>
] <administration/10.png, id=213, 177.66376pt x 91.09032pt>
File: administration/10.png Graphic file (type png)

<use administration/10.png>
Package pdftex.def Info: administration/10.png used on input line 367.
(pdftex.def)             Requested size: 142.13118pt x 72.87233pt.

<administration/11.png, id=214, 560.8453pt x 181.42781pt>
File: administration/11.png Graphic file (type png)

<use administration/11.png>
Package pdftex.def Info: administration/11.png used on input line 369.
(pdftex.def)             Requested size: 448.67685pt x 145.14244pt.

Underfull \hbox (badness 10000) in paragraph at lines 366--370

 []


Underfull \hbox (badness 10000) in paragraph at lines 366--370

 []

<administration/12.png, id=215, 507.39563pt x 379.4175pt>
File: administration/12.png Graphic file (type png)

<use administration/12.png>
Package pdftex.def Info: administration/12.png used on input line 374.
(pdftex.def)             Requested size: 355.17451pt x 265.59042pt.

Underfull \hbox (badness 10000) in paragraph at lines 373--375

 []

[14 <F:/my/docs/tex/administration/9.png> <F:/my/docs/tex/administration/10.png
> <F:/my/docs/tex/administration/11.png>]
<administration/13.png, id=224, 198.7425pt x 138.5175pt>
File: administration/13.png Graphic file (type png)

<use administration/13.png>
Package pdftex.def Info: administration/13.png used on input line 376.
(pdftex.def)             Requested size: 158.9942pt x 110.81413pt.

Underfull \hbox (badness 10000) in paragraph at lines 375--377

 []

<administration/14.png, id=225, 185.94469pt x 63.98906pt>
File: administration/14.png Graphic file (type png)

<use administration/14.png>
Package pdftex.def Info: administration/14.png used on input line 378.
(pdftex.def)             Requested size: 148.75594pt x 51.1913pt.

Underfull \hbox (badness 10000) in paragraph at lines 377--379

 []

<administration/15.png, id=226, 356.0803pt x 311.66437pt>
File: administration/15.png Graphic file (type png)

<use administration/15.png>
Package pdftex.def Info: administration/15.png used on input line 380.
(pdftex.def)             Requested size: 284.86462pt x 249.33183pt.

Underfull \hbox (badness 10000) in paragraph at lines 379--381

 []

[15 <F:/my/docs/tex/administration/12.png> <F:/my/docs/tex/administration/13.pn
g> <F:/my/docs/tex/administration/14.png>]
<administration/16.png, id=238, 128.73094pt x 150.5625pt>
File: administration/16.png Graphic file (type png)

<use administration/16.png>
Package pdftex.def Info: administration/16.png used on input line 382.
(pdftex.def)             Requested size: 102.98486pt x 120.45015pt.

Underfull \hbox (badness 10000) in paragraph at lines 381--383

 []

<administration/17.png, id=239, 611.28375pt x 223.58531pt>
File: administration/17.png Graphic file (type png)

<use administration/17.png>
Package pdftex.def Info: administration/17.png used on input line 384.
(pdftex.def)             Requested size: 183.38654pt x 67.0761pt.

Underfull \hbox (badness 10000) in paragraph at lines 383--385

 []

<administration/18.png, id=240, 368.87813pt x 405.76593pt>
File: administration/18.png Graphic file (type png)

<use administration/18.png>
Package pdftex.def Info: administration/18.png used on input line 386.
(pdftex.def)             Requested size: 295.10289pt x 324.61317pt.

<administration/19.png, id=241, 95.6072pt x 21.83156pt>
File: administration/19.png Graphic file (type png)

<use administration/19.png>
Package pdftex.def Info: administration/19.png used on input line 388.
(pdftex.def)             Requested size: 95.60695pt x 21.8315pt.

Underfull \hbox (badness 10000) in paragraph at lines 385--389

 []


Underfull \hbox (badness 10000) in paragraph at lines 385--389

 []

[16 <F:/my/docs/tex/administration/15.png> <F:/my/docs/tex/administration/16.pn
g> <F:/my/docs/tex/administration/17.png>]
Underfull \hbox (badness 10000) in paragraph at lines 391--393

 []

[17 <F:/my/docs/tex/administration/18.png> <F:/my/docs/tex/administration/19.pn
g>]
Underfull \hbox (badness 10000) in paragraph at lines 408--410

 []

<administration/rep/1.png, id=267, 179.92218pt x 129.48375pt>
File: administration/rep/1.png Graphic file (type png)

<use administration/rep/1.png>
Package pdftex.def Info: administration/rep/1.png used on input line 412.
(pdftex.def)             Requested size: 179.92174pt x 129.48341pt.

Underfull \hbox (badness 10000) in paragraph at lines 415--416

 []


Underfull \hbox (badness 10000) in paragraph at lines 415--416

 []

<administration/rep/2.png, id=268, 348.55219pt x 316.93407pt>
File: administration/rep/2.png Graphic file (type png)

<use administration/rep/2.png>
Package pdftex.def Info: administration/rep/2.png used on input line 419.
(pdftex.def)             Requested size: 313.69405pt x 285.23802pt.
 [18pdfTeX warning (ext4): destination with the same identifier (name{figure.1}
) has been already used, duplicate ignored

\AtBegShi@Output ...ipout \box \AtBeginShipoutBox 
                                                  \fi \fi 
l.422 
       <F:/my/docs/tex/administration/rep/1.png>]
<administration/rep/3.png, id=277, 804.75656pt x 575.90157pt>
File: administration/rep/3.png Graphic file (type png)

<use administration/rep/3.png>
Package pdftex.def Info: administration/rep/3.png used on input line 424.
(pdftex.def)             Requested size: 402.37729pt x 287.95007pt.
 [19pdfTeX warning (ext4): destination with the same identifier (name{figure.2}
) has been already used, duplicate ignored

\AtBegShi@Output ...ipout \box \AtBeginShipoutBox 
                                                  \fi \fi 
l.430 \item T
             ablespdfTeX warning (ext4): destination with the same identifier (
name{figure.3}) has been already used, duplicate ignored

\AtBegShi@Output ...ipout \box \AtBeginShipoutBox 
                                                  \fi \fi 
l.430 \item T
             ables <F:/my/docs/tex/administration/rep/2.png> <F:/my/docs/tex/ad
ministration/rep/3.png>]
<administration/rep/4.png, id=284, 351.56343pt x 313.9228pt>
File: administration/rep/4.png Graphic file (type png)

<use administration/rep/4.png>
Package pdftex.def Info: administration/rep/4.png used on input line 440.
(pdftex.def)             Requested size: 351.56256pt x 313.92203pt.

<administration/rep/5.png, id=285, 350.81062pt x 323.70938pt>
File: administration/rep/5.png Graphic file (type png)

<use administration/rep/5.png>
Package pdftex.def Info: administration/rep/5.png used on input line 445.
(pdftex.def)             Requested size: 280.64886pt x 258.96785pt.
 [20pdfTeX warning (ext4): destination with the same identifier (name{figure.4}
) has been already used, duplicate ignored

\AtBegShi@Output ...ipout \box \AtBeginShipoutBox 
                                                  \fi \fi 
l.448 
       <F:/my/docs/tex/administration/rep/4.png>]
<administration/rep/6.png, id=291, 354.57469pt x 318.43968pt>
File: administration/rep/6.png Graphic file (type png)

<use administration/rep/6.png>
Package pdftex.def Info: administration/rep/6.png used on input line 450.
(pdftex.def)             Requested size: 283.66013pt x 254.75209pt.

<administration/rep/7.png, id=292, 350.05782pt x 317.68687pt>
File: administration/rep/7.png Graphic file (type png)

<use administration/rep/7.png>
Package pdftex.def Info: administration/rep/7.png used on input line 455.
(pdftex.def)             Requested size: 280.04662pt x 254.14983pt.
 [21pdfTeX warning (ext4): destination with the same identifier (name{figure.5}
) has been already used, duplicate ignored

\AtBegShi@Output ...ipout \box \AtBeginShipoutBox 
                                                  \fi \fi 
l.458 
      pdfTeX warning (ext4): destination with the same identifier (name{figure.
6}) has been already used, duplicate ignored

\AtBegShi@Output ...ipout \box \AtBeginShipoutBox 
                                                  \fi \fi 
l.458 
       <F:/my/docs/tex/administration/rep/5.png> <F:/my/docs/tex/administration
/rep/6.png>] <administration/rep/8.png, id=299, 435.87843pt x 332.74312pt>
File: administration/rep/8.png Graphic file (type png)

<use administration/rep/8.png>
Package pdftex.def Info: administration/rep/8.png used on input line 460.
(pdftex.def)             Requested size: 348.70322pt x 266.19484pt.

<administration/rep/9.png, id=300, 208.52907pt x 73.02281pt>
File: administration/rep/9.png Graphic file (type png)

<use administration/rep/9.png>
Package pdftex.def Info: administration/rep/9.png used on input line 465.
(pdftex.def)             Requested size: 166.82347pt x 58.4183pt.
 [22pdfTeX warning (ext4): destination with the same identifier (name{figure.7}
) has been already used, duplicate ignored

\AtBegShi@Output ...ipout \box \AtBeginShipoutBox 
                                                  \fi \fi 
l.468 
      pdfTeX warning (ext4): destination with the same identifier (name{figure.
8}) has been already used, duplicate ignored

\AtBegShi@Output ...ipout \box \AtBeginShipoutBox 
                                                  \fi \fi 
l.468 
       <F:/my/docs/tex/administration/rep/7.png> <F:/my/docs/tex/administration
/rep/8.png>] <administration/rep/10.png, id=307, 138.5175pt x 168.63pt>
File: administration/rep/10.png Graphic file (type png)

<use administration/rep/10.png>
Package pdftex.def Info: administration/rep/10.png used on input line 470.
(pdftex.def)             Requested size: 110.81413pt x 134.90417pt.

<administration/rep/11.png, id=308, 560.8453pt x 322.95656pt>
File: administration/rep/11.png Graphic file (type png)

<use administration/rep/11.png>
Package pdftex.def Info: administration/rep/11.png used on input line 475.
(pdftex.def)             Requested size: 448.67685pt x 258.36559pt.

<administration/rep/12.png, id=309, 348.55219pt x 316.93407pt>
File: administration/rep/12.png Graphic file (type png)

<use administration/rep/12.png>
Package pdftex.def Info: administration/rep/12.png used on input line 480.
(pdftex.def)             Requested size: 285.81462pt x 259.8876pt.

Underfull \hbox (badness 10000) in paragraph at lines 478--482

 []


Underfull \hbox (badness 10000) in paragraph at lines 478--482

 []

[23pdfTeX warning (ext4): destination with the same identifier (name{figure.9})
 has been already used, duplicate ignored

\AtBegShi@Output ...ipout \box \AtBeginShipoutBox 
                                                  \fi \fi 
l.483 
      pdfTeX warning (ext4): destination with the same identifier (name{figure.
10}) has been already used, duplicate ignored

\AtBegShi@Output ...ipout \box \AtBeginShipoutBox 
                                                  \fi \fi 
l.483 
      pdfTeX warning (ext4): destination with the same identifier (name{figure.
11}) has been already used, duplicate ignored

\AtBegShi@Output ...ipout \box \AtBeginShipoutBox 
                                                  \fi \fi 
l.483 
       <F:/my/docs/tex/administration/rep/9.png> <F:/my/docs/tex/administration
/rep/10.png> <F:/my/docs/tex/administration/rep/11.png>]
<administration/rep/13.png, id=317, 351.56343pt x 370.38374pt>
File: administration/rep/13.png Graphic file (type png)

<use administration/rep/13.png>
Package pdftex.def Info: administration/rep/13.png used on input line 485.
(pdftex.def)             Requested size: 288.28387pt x 303.71663pt.
 [24pdfTeX warning (ext4): destination with the same identifier (name{figure.12
}) has been already used, duplicate ignored

\AtBegShi@Output ...ipout \box \AtBeginShipoutBox 
                                                  \fi \fi 
l.489 
      pdfTeX warning (ext4): destination with the same identifier (name{figure.
13}) has been already used, duplicate ignored

\AtBegShi@Output ...ipout \box \AtBeginShipoutBox 
                                                  \fi \fi 
l.489 
       <F:/my/docs/tex/administration/rep/12.png> <F:/my/docs/tex/administratio
n/rep/13.png>] <administration/rep/14.png, id=325, 320.69812pt x 193.47281pt>
File: administration/rep/14.png Graphic file (type png)

<use administration/rep/14.png>
Package pdftex.def Info: administration/rep/14.png used on input line 491.
(pdftex.def)             Requested size: 256.55884pt x 154.77846pt.
 [25pdfTeX warning (ext4): destination with the same identifier (name{figure.14
}) has been already used, duplicate ignored

\AtBegShi@Output ...ipout \box \AtBeginShipoutBox 
                                                  \fi \fi 
l.494 \newpage
               <F:/my/docs/tex/administration/rep/14.png>]
Package atveryend Info: Empty hook `BeforeClearDocument' on input line 521.
 [26]
Package atveryend Info: Empty hook `AfterLastShipout' on input line 521.

(F:\my\docs\tex\Administration.aux)
Package atveryend Info: Executing hook `AtVeryEndDocument' on input line 521.
Package atveryend Info: Executing hook `AtEndAfterFileList' on input line 521.
Package rerunfilecheck Info: File `Administration.out' has not changed.
(rerunfilecheck)             Checksum: 78C90A0361BD68F29EB17C52717CE8C1;1339.
Package atveryend Info: Empty hook `AtVeryVeryEnd' on input line 521.
 ) 
Here is how much of TeX's memory you used:
 6070 strings out of 493921
 90488 string characters out of 3147282
 177854 words of memory out of 3000000
 9187 multiletter control sequences out of 15000+200000
 18228 words of font info for 41 fonts, out of 3000000 for 9000
 841 hyphenation exceptions out of 8191
 29i,10n,43p,763b,443s stack positions out of 5000i,500n,10000p,200000b,50000s
{C:/Program Files/MiKTeX 2.9/fonts/enc/dvips/fontname/8r.enc}<C:/Program File
s/MiKTeX 2.9/fonts/type1/public/amsfonts/cm/cmr10.pfb><C:/Program Files/MiKTeX 
2.9/fonts/type1/public/amsfonts/cm/cmr7.pfb><C:/Program Files/MiKTeX 2.9/fonts/
type1/public/amsfonts/cm/cmsy10.pfb><C:/Program Files/MiKTeX 2.9/fonts/type1/ur
w/courier/ucrr8a.pfb><C:/Program Files/MiKTeX 2.9/fonts/type1/urw/times/utmb8a.
pfb><C:/Program Files/MiKTeX 2.9/fonts/type1/urw/times/utmr8a.pfb>
Output written on Administration.pdf (27 pages, 2502267 bytes).
PDF statistics:
 387 PDF objects out of 1000 (max. 8388607)
 93 named destinations out of 1000 (max. 500000)
 349 words of extra memory for PDF output out of 10000 (max. 10000000)

