This is pdfTeX, Version 3.14159265-2.6-1.40.15 (TeX Live 2014) (preloaded format=pdflatex 2014.12.30)  27 APR 2015 17:50
entering extended mode
 restricted \write18 enabled.
 %&-line parsing enabled.
**"Final Report.tex"
(./Final Report.tex
LaTeX2e <2014/05/01>
Babel <3.9k> and hyphenation patterns for 78 languages loaded.
(/usr/local/texlive/2014/texmf-dist/tex/latex/base/article.cls
Document Class: article 2007/10/19 v1.4h Standard LaTeX document class
(/usr/local/texlive/2014/texmf-dist/tex/latex/base/size10.clo
File: size10.clo 2007/10/19 v1.4h Standard LaTeX file (size option)
)
\c@part=\count79
\c@section=\count80
\c@subsection=\count81
\c@subsubsection=\count82
\c@paragraph=\count83
\c@subparagraph=\count84
\c@figure=\count85
\c@table=\count86
\abovecaptionskip=\skip41
\belowcaptionskip=\skip42
\bibindent=\dimen102
)
(/usr/local/texlive/2014/texmf-dist/tex/generic/babel/babel.sty
Package: babel 2014/03/24 3.9k The Babel package

(/usr/local/texlive/2014/texmf-dist/tex/generic/babel-english/english.ldf
Language: english 2012/08/20 v3.3p English support from the babel system

(/usr/local/texlive/2014/texmf-dist/tex/generic/babel/babel.def
File: babel.def 2014/03/24 3.9k Babel common definitions
\babel@savecnt=\count87
\U@D=\dimen103
)
\l@canadian = a dialect from \language\l@american 
\l@australian = a dialect from \language\l@british 
\l@newzealand = a dialect from \language\l@british 
))
(/usr/local/texlive/2014/texmf-dist/tex/latex/graphics/graphicx.sty
Package: graphicx 2014/04/25 v1.0g Enhanced LaTeX Graphics (DPC,SPQR)

(/usr/local/texlive/2014/texmf-dist/tex/latex/graphics/keyval.sty
Package: keyval 2014/05/08 v1.15 key=value parser (DPC)
\KV@toks@=\toks14
)
(/usr/local/texlive/2014/texmf-dist/tex/latex/graphics/graphics.sty
Package: graphics 2009/02/05 v1.0o Standard LaTeX Graphics (DPC,SPQR)

(/usr/local/texlive/2014/texmf-dist/tex/latex/graphics/trig.sty
Package: trig 1999/03/16 v1.09 sin cos tan (DPC)
)
(/usr/local/texlive/2014/texmf-dist/tex/latex/latexconfig/graphics.cfg
File: graphics.cfg 2010/04/23 v1.9 graphics configuration of TeX Live
)
Package graphics Info: Driver file: pdftex.def on input line 91.

(/usr/local/texlive/2014/texmf-dist/tex/latex/pdftex-def/pdftex.def
File: pdftex.def 2011/05/27 v0.06d Graphics/color for pdfTeX

(/usr/local/texlive/2014/texmf-dist/tex/generic/oberdiek/infwarerr.sty
Package: infwarerr 2010/04/08 v1.3 Providing info/warning/error messages (HO)
)
(/usr/local/texlive/2014/texmf-dist/tex/generic/oberdiek/ltxcmds.sty
Package: ltxcmds 2011/11/09 v1.22 LaTeX kernel commands for general use (HO)
)
\Gread@gobject=\count88
))
\Gin@req@height=\dimen104
\Gin@req@width=\dimen105
)
(/usr/local/texlive/2014/texmf-dist/tex/latex/psnfss/times.sty
Package: times 2005/04/12 PSNFSS-v9.2a (SPQR) 
)
(/usr/local/texlive/2014/texmf-dist/tex/latex/psnfss/pifont.sty
Package: pifont 2005/04/12 PSNFSS-v9.2a Pi font support (SPQR) 
LaTeX Font Info:    Try loading font information for U+pzd on input line 63.

(/usr/local/texlive/2014/texmf-dist/tex/latex/psnfss/upzd.fd
File: upzd.fd 2001/06/04 font definitions for U/pzd.
)
LaTeX Font Info:    Try loading font information for U+psy on input line 64.

(/usr/local/texlive/2014/texmf-dist/tex/latex/psnfss/upsy.fd
File: upsy.fd 2001/06/04 font definitions for U/psy.
))
(/usr/local/texlive/2014/texmf-dist/tex/latex/geometry/geometry.sty
Package: geometry 2010/09/12 v5.6 Page Geometry

(/usr/local/texlive/2014/texmf-dist/tex/generic/oberdiek/ifpdf.sty
Package: ifpdf 2011/01/30 v2.3 Provides the ifpdf switch (HO)
Package ifpdf Info: pdfTeX in PDF mode is detected.
)
(/usr/local/texlive/2014/texmf-dist/tex/generic/oberdiek/ifvtex.sty
Package: ifvtex 2010/03/01 v1.5 Detect VTeX and its facilities (HO)
Package ifvtex Info: VTeX not detected.
)
(/usr/local/texlive/2014/texmf-dist/tex/generic/ifxetex/ifxetex.sty
Package: ifxetex 2010/09/12 v0.6 Provides ifxetex conditional
)
\Gm@cnth=\count89
\Gm@cntv=\count90
\c@Gm@tempcnt=\count91
\Gm@bindingoffset=\dimen106
\Gm@wd@mp=\dimen107
\Gm@odd@mp=\dimen108
\Gm@even@mp=\dimen109
\Gm@layoutwidth=\dimen110
\Gm@layoutheight=\dimen111
\Gm@layouthoffset=\dimen112
\Gm@layoutvoffset=\dimen113
\Gm@dimlist=\toks15
)
(/usr/local/texlive/2014/texmf-dist/tex/latex/eurosym/eurosym.sty
Package: eurosym 1998/08/06 v1.1 European currency symbol ``Euro''
\@eurobox=\box26
)
(/usr/local/texlive/2014/texmf-dist/tex/latex/fancyhdr/fancyhdr.sty
\fancy@headwidth=\skip43
\f@ncyO@elh=\skip44
\f@ncyO@erh=\skip45
\f@ncyO@olh=\skip46
\f@ncyO@orh=\skip47
\f@ncyO@elf=\skip48
\f@ncyO@erf=\skip49
\f@ncyO@olf=\skip50
\f@ncyO@orf=\skip51
)
(/usr/local/texlive/2014/texmf-dist/tex/latex/hyperref/hyperref.sty
Package: hyperref 2012/11/06 v6.83m Hypertext links for LaTeX

(/usr/local/texlive/2014/texmf-dist/tex/generic/oberdiek/hobsub-hyperref.sty
Package: hobsub-hyperref 2012/05/28 v1.13 Bundle oberdiek, subset hyperref (HO)


(/usr/local/texlive/2014/texmf-dist/tex/generic/oberdiek/hobsub-generic.sty
Package: hobsub-generic 2012/05/28 v1.13 Bundle oberdiek, subset generic (HO)
Package: hobsub 2012/05/28 v1.13 Construct package bundles (HO)
Package hobsub Info: Skipping package `infwarerr' (already loaded).
Package hobsub Info: Skipping package `ltxcmds' (already loaded).
Package: ifluatex 2010/03/01 v1.3 Provides the ifluatex switch (HO)
Package ifluatex Info: LuaTeX not detected.
Package hobsub Info: Skipping package `ifvtex' (already loaded).
Package: intcalc 2007/09/27 v1.1 Expandable calculations with integers (HO)
Package hobsub Info: Skipping package `ifpdf' (already loaded).
Package: etexcmds 2011/02/16 v1.5 Avoid name clashes with e-TeX commands (HO)
Package etexcmds Info: Could not find \expanded.
(etexcmds)             That can mean that you are not using pdfTeX 1.50 or
(etexcmds)             that some package has redefined \expanded.
(etexcmds)             In the latter case, load this package earlier.
Package: kvsetkeys 2012/04/25 v1.16 Key value parser (HO)
Package: kvdefinekeys 2011/04/07 v1.3 Define keys (HO)
Package: pdftexcmds 2011/11/29 v0.20 Utility functions of pdfTeX for LuaTeX (HO
)
Package pdftexcmds Info: LuaTeX not detected.
Package pdftexcmds Info: \pdf@primitive is available.
Package pdftexcmds Info: \pdf@ifprimitive is available.
Package pdftexcmds Info: \pdfdraftmode found.
Package: pdfescape 2011/11/25 v1.13 Implements pdfTeX's escape features (HO)
Package: bigintcalc 2012/04/08 v1.3 Expandable calculations on big integers (HO
)
Package: bitset 2011/01/30 v1.1 Handle bit-vector datatype (HO)
Package: uniquecounter 2011/01/30 v1.2 Provide unlimited unique counter (HO)
)
Package hobsub Info: Skipping package `hobsub' (already loaded).
Package: letltxmacro 2010/09/02 v1.4 Let assignment for LaTeX macros (HO)
Package: hopatch 2012/05/28 v1.2 Wrapper for package hooks (HO)
Package: xcolor-patch 2011/01/30 xcolor patch
Package: atveryend 2011/06/30 v1.8 Hooks at the very end of document (HO)
Package atveryend Info: \enddocument detected (standard20110627).
Package: atbegshi 2011/10/05 v1.16 At begin shipout hook (HO)
Package: refcount 2011/10/16 v3.4 Data extraction from label references (HO)
Package: hycolor 2011/01/30 v1.7 Color options for hyperref/bookmark (HO)
)
(/usr/local/texlive/2014/texmf-dist/tex/latex/oberdiek/auxhook.sty
Package: auxhook 2011/03/04 v1.3 Hooks for auxiliary files (HO)
)
(/usr/local/texlive/2014/texmf-dist/tex/latex/oberdiek/kvoptions.sty
Package: kvoptions 2011/06/30 v3.11 Key value format for package options (HO)
)
\@linkdim=\dimen114
\Hy@linkcounter=\count92
\Hy@pagecounter=\count93

(/usr/local/texlive/2014/texmf-dist/tex/latex/hyperref/pd1enc.def
File: pd1enc.def 2012/11/06 v6.83m Hyperref: PDFDocEncoding definition (HO)
)
\Hy@SavedSpaceFactor=\count94

(/usr/local/texlive/2014/texmf-dist/tex/latex/latexconfig/hyperref.cfg
File: hyperref.cfg 2002/06/06 v1.2 hyperref configuration of TeXLive
)
Package hyperref Info: Hyper figures OFF on input line 4443.
Package hyperref Info: Link nesting OFF on input line 4448.
Package hyperref Info: Hyper index ON on input line 4451.
Package hyperref Info: Plain pages OFF on input line 4458.
Package hyperref Info: Backreferencing OFF on input line 4463.
Package hyperref Info: Implicit mode ON; LaTeX internals redefined.
Package hyperref Info: Bookmarks ON on input line 4688.
\c@Hy@tempcnt=\count95

(/usr/local/texlive/2014/texmf-dist/tex/latex/url/url.sty
\Urlmuskip=\muskip10
Package: url 2013/09/16  ver 3.4  Verb mode for urls, etc.
)
LaTeX Info: Redefining \url on input line 5041.
\XeTeXLinkMargin=\dimen115
\Fld@menulength=\count96
\Field@Width=\dimen116
\Fld@charsize=\dimen117
Package hyperref Info: Hyper figures OFF on input line 6295.
Package hyperref Info: Link nesting OFF on input line 6300.
Package hyperref Info: Hyper index ON on input line 6303.
Package hyperref Info: backreferencing OFF on input line 6310.
Package hyperref Info: Link coloring OFF on input line 6315.
Package hyperref Info: Link coloring with OCG OFF on input line 6320.
Package hyperref Info: PDF/A mode OFF on input line 6325.
LaTeX Info: Redefining \ref on input line 6365.
LaTeX Info: Redefining \pageref on input line 6369.
\Hy@abspage=\count97
\c@Item=\count98
\c@Hfootnote=\count99
)

Package hyperref Message: Driver (autodetected): hpdftex.

(/usr/local/texlive/2014/texmf-dist/tex/latex/hyperref/hpdftex.def
File: hpdftex.def 2012/11/06 v6.83m Hyperref driver for pdfTeX
\Fld@listcount=\count100
\c@bookmark@seq@number=\count101

(/usr/local/texlive/2014/texmf-dist/tex/latex/oberdiek/rerunfilecheck.sty
Package: rerunfilecheck 2011/04/15 v1.7 Rerun checks for auxiliary files (HO)
Package uniquecounter Info: New unique counter `rerunfilecheck' on input line 2
82.
)
\Hy@SectionHShift=\skip52
)
(/usr/local/texlive/2014/texmf-dist/tex/latex/framed/framed.sty
Package: framed 2011/10/22 v 0.96: framed or shaded text with page breaks
\OuterFrameSep=\skip53
\fb@frw=\dimen118
\fb@frh=\dimen119
\FrameRule=\dimen120
\FrameSep=\dimen121
)
(/usr/local/texlive/2014/texmf-dist/tex/latex/easy/easytable.sty
Document Style `easytable' v1.0 <2001/06/13>.
(/usr/local/texlive/2014/texmf-dist/tex/latex/easy/easy.sty
Document Style `easy' v1.1 <2001/05/31>.
Package: easy 2001/05/31 v1.1
\@easy@level=\count102
\@easy@ncol=\count103
\@easy@nrow=\count104
\@easy@cnt=\count105
\@easy@boxviii=\box27
\@easy@minxviii=\dimen122
\@easy@minyviii=\dimen123
\@easy@maxxviii=\dimen124
\@easy@maxyviii=\dimen125
\@easy@boxvii=\box28
\@easy@minxvii=\dimen126
\@easy@minyvii=\dimen127
\@easy@maxxvii=\dimen128
\@easy@maxyvii=\dimen129
\@easy@boxvi=\box29
\@easy@minxvi=\dimen130
\@easy@minyvi=\dimen131
\@easy@maxxvi=\dimen132
\@easy@maxyvi=\dimen133
\@easy@boxv=\box30
\@easy@minxv=\dimen134
\@easy@minyv=\dimen135
\@easy@maxxv=\dimen136
\@easy@maxyv=\dimen137
\@easy@boxiv=\box31
\@easy@minxiv=\dimen138
\@easy@minyiv=\dimen139
\@easy@maxxiv=\dimen140
\@easy@maxyiv=\dimen141
\@easy@boxiii=\box32
\@easy@minxiii=\dimen142
\@easy@minyiii=\dimen143
\@easy@maxxiii=\dimen144
\@easy@maxyiii=\dimen145
\@easy@boxii=\box33
\@easy@minxii=\dimen146
\@easy@minyii=\dimen147
\@easy@maxxii=\dimen148
\@easy@maxyii=\dimen149
\@easy@boxi=\box34
\@easy@minxi=\dimen150
\@easy@minyi=\dimen151
\@easy@maxxi=\dimen152
\@easy@maxyi=\dimen153
\@easy@hsizexxx=\dimen154
\@easy@vsizexxx=\dimen155
\@easy@hsizexxix=\dimen156
\@easy@vsizexxix=\dimen157
\@easy@hsizexxviii=\dimen158
\@easy@vsizexxviii=\dimen159
\@easy@hsizexxvii=\dimen160
\@easy@vsizexxvii=\dimen161
\@easy@hsizexxvi=\dimen162
\@easy@vsizexxvi=\dimen163
\@easy@hsizexxv=\dimen164
\@easy@vsizexxv=\dimen165
\@easy@hsizexxiv=\dimen166
\@easy@vsizexxiv=\dimen167
\@easy@hsizexxiii=\dimen168
\@easy@vsizexxiii=\dimen169
\@easy@hsizexxii=\dimen170
\@easy@vsizexxii=\dimen171
\@easy@hsizexxi=\dimen172
\@easy@vsizexxi=\dimen173
\@easy@hsizexx=\dimen174
\@easy@vsizexx=\dimen175
\@easy@hsizexix=\dimen176
\@easy@vsizexix=\dimen177
\@easy@hsizexviii=\dimen178
\@easy@vsizexviii=\dimen179
\@easy@hsizexvii=\dimen180
\@easy@vsizexvii=\dimen181
\@easy@hsizexvi=\dimen182
\@easy@vsizexvi=\dimen183
\@easy@hsizexv=\dimen184
\@easy@vsizexv=\dimen185
\@easy@hsizexiv=\dimen186
\@easy@vsizexiv=\dimen187
\@easy@hsizexiii=\dimen188
\@easy@vsizexiii=\dimen189
\@easy@hsizexii=\dimen190
\@easy@vsizexii=\dimen191
\@easy@hsizexi=\dimen192
\@easy@vsizexi=\dimen193
\@easy@hsizex=\dimen194
\@easy@vsizex=\dimen195
\@easy@hsizeix=\dimen196
\@easy@vsizeix=\dimen197
\@easy@hsizeviii=\dimen198
\@easy@vsizeviii=\dimen199
\@easy@hsizevii=\dimen200
\@easy@vsizevii=\dimen201
\@easy@hsizevi=\dimen202
\@easy@vsizevi=\dimen203
\@easy@hsizev=\dimen204
\@easy@vsizev=\dimen205
\@easy@hsizeiv=\dimen206
\@easy@vsizeiv=\dimen207
\@easy@hsizeiii=\dimen208
\@easy@vsizeiii=\dimen209
\@easy@hsizeii=\dimen210
\@easy@vsizeii=\dimen211
\@easy@hsizei=\dimen212
\@easy@vsizei=\dimen213
\@easy@dash@len=\dimen214
\@easy@dash@sep=\dimen215
)
Package: easytable 2001/05/31v1.1
\@tab@size@rule=\dimen216
\@tab@size@dash=\dimen217
) (/usr/local/texlive/2014/texmf-dist/tex/latex/enumitem/enumitem.sty
Package: enumitem 2011/09/28 v3.5.2 Customized lists
\labelindent=\skip54
\enit@outerparindent=\dimen218
\enit@toks=\toks16
\enit@inbox=\box35
\enitdp@description=\count106
)
(/usr/local/texlive/2014/texmf-dist/tex/latex/float/float.sty
Package: float 2001/11/08 v1.3d Float enhancements (AL)
\c@float@type=\count107
\float@exts=\toks17
\float@box=\box36
\@float@everytoks=\toks18
\@floatcapt=\box37
)
(./Final Report.aux)
\openout1 = `"Final Report.aux"'.

LaTeX Font Info:    Checking defaults for OML/cmm/m/it on input line 35.
LaTeX Font Info:    ... okay on input line 35.
LaTeX Font Info:    Checking defaults for T1/cmr/m/n on input line 35.
LaTeX Font Info:    ... okay on input line 35.
LaTeX Font Info:    Checking defaults for OT1/cmr/m/n on input line 35.
LaTeX Font Info:    ... okay on input line 35.
LaTeX Font Info:    Checking defaults for OMS/cmsy/m/n on input line 35.
LaTeX Font Info:    ... okay on input line 35.
LaTeX Font Info:    Checking defaults for OMX/cmex/m/n on input line 35.
LaTeX Font Info:    ... okay on input line 35.
LaTeX Font Info:    Checking defaults for U/cmr/m/n on input line 35.
LaTeX Font Info:    ... okay on input line 35.
LaTeX Font Info:    Checking defaults for PD1/pdf/m/n on input line 35.
LaTeX Font Info:    ... okay on input line 35.
LaTeX Font Info:    Try loading font information for OT1+ptm on input line 35.

(/usr/local/texlive/2014/texmf-dist/tex/latex/psnfss/ot1ptm.fd
File: ot1ptm.fd 2001/06/04 font definitions for OT1/ptm.
)
(/usr/local/texlive/2014/texmf-dist/tex/context/base/supp-pdf.mkii
[Loading MPS to PDF converter (version 2006.09.02).]
\scratchcounter=\count108
\scratchdimen=\dimen219
\scratchbox=\box38
\nofMPsegments=\count109
\nofMParguments=\count110
\everyMPshowfont=\toks19
\MPscratchCnt=\count111
\MPscratchDim=\dimen220
\MPnumerator=\count112
\makeMPintoPDFobject=\count113
\everyMPtoPDFconversion=\toks20
) (/usr/local/texlive/2014/texmf-dist/tex/latex/oberdiek/epstopdf-base.sty
Package: epstopdf-base 2010/02/09 v2.5 Base part for package epstopdf

(/usr/local/texlive/2014/texmf-dist/tex/latex/oberdiek/grfext.sty
Package: grfext 2010/08/19 v1.1 Manage graphics extensions (HO)
)
Package grfext Info: Graphics extension search list:
(grfext)             [.png,.pdf,.jpg,.mps,.jpeg,.jbig2,.jb2,.PNG,.PDF,.JPG,.JPE
G,.JBIG2,.JB2,.eps]
(grfext)             \AppendGraphicsExtensions on input line 452.

(/usr/local/texlive/2014/texmf-dist/tex/latex/latexconfig/epstopdf-sys.cfg
File: epstopdf-sys.cfg 2010/07/13 v1.3 Configuration of (r)epstopdf for TeX Liv
e
))
*geometry* driver: auto-detecting
*geometry* detected driver: pdftex
*geometry* verbose mode - [ preamble ] result:
* driver: pdftex
* paper: <default>
* layout: <same size as paper>
* layoutoffset:(h,v)=(0.0pt,0.0pt)
* modes: landscape 
* h-part:(L,W,R)=(56.9055pt, 681.15898pt, 56.9055pt)
* v-part:(T,H,B)=(56.9055pt, 500.484pt, 56.9055pt)
* \paperwidth=794.96999pt
* \paperheight=614.295pt
* \textwidth=681.15898pt
* \textheight=500.484pt
* \oddsidemargin=-15.36449pt
* \evensidemargin=-15.36449pt
* \topmargin=-52.36449pt
* \headheight=12.0pt
* \headsep=25.0pt
* \topskip=10.0pt
* \footskip=30.0pt
* \marginparwidth=65.0pt
* \marginparsep=11.0pt
* \columnsep=10.0pt
* \skip\footins=9.0pt plus 4.0pt minus 2.0pt
* \hoffset=0.0pt
* \voffset=0.0pt
* \mag=1000
* \@twocolumnfalse
* \@twosidefalse
* \@mparswitchfalse
* \@reversemarginfalse
* (1in=72.27pt=25.4mm, 1cm=28.453pt)

\AtBeginShipoutBox=\box39
Package hyperref Info: Link coloring OFF on input line 35.
(/usr/local/texlive/2014/texmf-dist/tex/latex/hyperref/nameref.sty
Package: nameref 2012/10/27 v2.43 Cross-referencing by name of section

(/usr/local/texlive/2014/texmf-dist/tex/generic/oberdiek/gettitlestring.sty
Package: gettitlestring 2010/12/03 v1.4 Cleanup title references (HO)
)
\c@section@level=\count114
)
LaTeX Info: Redefining \ref on input line 35.
LaTeX Info: Redefining \pageref on input line 35.
LaTeX Info: Redefining \nameref on input line 35.

(./Final Report.out) (./Final Report.out)
\@outlinefile=\write3
\openout3 = `"Final Report.out"'.

LaTeX Font Info:    External font `cmex10' loaded for size
(Font)              <12> on input line 41.
LaTeX Font Info:    External font `cmex10' loaded for size
(Font)              <8> on input line 41.
LaTeX Font Info:    External font `cmex10' loaded for size
(Font)              <6> on input line 41.


LaTeX Warning: No \author given.

[1

{/usr/local/texlive/2014/texmf-var/fonts/map/pdftex/updmap/pdftex.map}]
LaTeX Font Info:    Font shape `OT1/ptm/bx/n' in size <14.4> not available
(Font)              Font shape `OT1/ptm/b/n' tried instead on input line 59.

(./Final Report.toc
LaTeX Font Info:    Font shape `OT1/ptm/bx/n' in size <10> not available
(Font)              Font shape `OT1/ptm/b/n' tried instead on input line 2.
LaTeX Font Info:    External font `cmex10' loaded for size
(Font)              <7> on input line 10.
LaTeX Font Info:    External font `cmex10' loaded for size
(Font)              <5> on input line 10.
)
\tf@toc=\write4
\openout4 = `"Final Report.toc"'.

pdfTeX warning (ext4): destination with the same identifier (name{page.1}) has 
been already used, duplicate ignored
<to be read again> 
                   \relax 
l.61 \newpage
              [1]
Underfull \hbox (badness 10000) in paragraph at lines 102--103

 []

[2]
Underfull \hbox (badness 10000) in paragraph at lines 135--137

 []

[3]
Missing character: There is no Ã in font ptmr7t!
Missing character: There is no « in font ptmr7t!

Underfull \hbox (badness 10000) in paragraph at lines 152--152
[]\OT1/ptm/m/n/10 Affected
 []


Overfull \hbox (1.77028pt too wide) in paragraph at lines 152--152
[]\OT1/ptm/m/n/10 Probability| 
 []


Underfull \hbox (badness 10000) in paragraph at lines 158--158
[]\OT1/ptm/m/n/10 Scope,
 []


Underfull \hbox (badness 10000) in paragraph at lines 175--175
[]\OT1/ptm/m/n/10 Hardware prob-
 []


Underfull \hbox (badness 10000) in paragraph at lines 178--178
[]\OT1/ptm/m/n/10 Scope,
 []


Underfull \hbox (badness 10000) in paragraph at lines 178--178
\OT1/ptm/m/n/10 Sched-ule,
 []


Underfull \hbox (badness 10000) in paragraph at lines 188--188
[]\OT1/ptm/m/n/10 Scope,
 []


Underfull \hbox (badness 10000) in paragraph at lines 188--188
\OT1/ptm/m/n/10 Qual-ity,
 []


Underfull \hbox (badness 10000) in paragraph at lines 188--188
\OT1/ptm/m/n/10 Sched-ule,
 []


Underfull \hbox (badness 10000) in paragraph at lines 198--198
[]\OT1/ptm/m/n/10 Scope,
 []


Underfull \hbox (badness 10000) in paragraph at lines 198--198
\OT1/ptm/m/n/10 Qual-ity,
 []


Underfull \hbox (badness 10000) in paragraph at lines 198--198
\OT1/ptm/m/n/10 Sched-ule,
 []


Overfull \hbox (10.12242pt too wide) in paragraph at lines 150--206
[] 
 []


Underfull \hbox (badness 10000) in paragraph at lines 207--219

 []

[4]
Underfull \hbox (badness 1072) in paragraph at lines 250--251
[]\OT1/ptm/m/n/10 Permission for a fu-ture de-vel-op-
 []


Underfull \hbox (badness 1418) in paragraph at lines 267--267
[]\OT1/ptm/m/n/10 Identify the tech-no-log-i-cal im-ple-
 []


Underfull \hbox (badness 2318) in paragraph at lines 292--293
[]\OT1/ptm/m/n/10 Plan of the de-vel-op-ment (Gantt
 []


Underfull \hbox (badness 10000) in paragraph at lines 316--316
[]\OT1/ptm/m/n/10 Discuss par-tic-u-lar de-vel-op-ment
 []


Underfull \hbox (badness 10000) in paragraph at lines 320--321
[]\OT1/ptm/m/n/10 Exchange opin-ions with other
 []


Underfull \hbox (badness 2809) in paragraph at lines 320--321
\OT1/ptm/m/n/10 team-mate about par-tic-u-lar prob-
 []


Underfull \hbox (badness 10000) in paragraph at lines 323--323
[]\OT1/ptm/m/n/10 Discuss par-tic-u-lar de-vel-op-ment
 []


Overfull \hbox (2.57524pt too wide) in paragraph at lines 224--348
[] 
 []


Underfull \hbox (badness 10000) in paragraph at lines 224--348

 []


Underfull \hbox (badness 10000) in paragraph at lines 224--348

 []


Underfull \hbox (badness 10000) in paragraph at lines 224--348

 []


Underfull \hbox (badness 10000) in paragraph at lines 224--348

 []


Underfull \hbox (badness 10000) in paragraph at lines 224--348

 []


Underfull \hbox (badness 10000) in paragraph at lines 224--348

 []


Underfull \hbox (badness 10000) in paragraph at lines 224--348

 []


Underfull \hbox (badness 10000) in paragraph at lines 224--348

 []


Underfull \hbox (badness 10000) in paragraph at lines 224--348

 []


Underfull \hbox (badness 10000) in paragraph at lines 224--348

 []

[5]
Easytable[row:4,col:4]

Overfull \hbox (4.5071pt too wide) in paragraph at lines 384--395
[] 
 []

[6] [7] [8] [9]
LaTeX Font Info:    Font shape `OT1/ptm/bx/n' in size <12> not available
(Font)              Font shape `OT1/ptm/b/n' tried instead on input line 488.
 <FR/timeline.png, id=232, 1083.29718pt x 502.87875pt>
File: FR/timeline.png Graphic file (type png)

<use FR/timeline.png>
Package pdftex.def Info: FR/timeline.png used on input line 490.
(pdftex.def)             Requested size: 649.98332pt x 301.72957pt.
 [10 <./FR/timeline.png>]
<FR/costs.png, id=239, 811.53188pt x 499.8675pt>
File: FR/costs.png Graphic file (type png)
 <use FR/costs.png>
Package pdftex.def Info: FR/costs.png used on input line 495.
(pdftex.def)             Requested size: 624.88147pt x 384.89915pt.
 [11 <./FR/costs.png>] <FR/ev.png, id=245, 740.7675pt x 452.4403pt>
File: FR/ev.png Graphic file (type png)
 <use FR/ev.png>
Package pdftex.def Info: FR/ev.png used on input line 500.
(pdftex.def)             Requested size: 592.6148pt x 361.95274pt.

<FR/ml.png, id=246, 565.36218pt x 293.59688pt>
File: FR/ml.png Graphic file (type png)
 <use FR/ml.png>
Package pdftex.def Info: FR/ml.png used on input line 504.
(pdftex.def)             Requested size: 565.3608pt x 293.59615pt.
 [12 <./FR/ev.png>] [13 <./FR/ml.png>] <FR/resoursec.png, id=259, 780.66656pt x
 453.94594pt>
File: FR/resoursec.png Graphic file (type png)

<use FR/resoursec.png>
Package pdftex.def Info: FR/resoursec.png used on input line 509.
(pdftex.def)             Requested size: 624.5341pt x 363.15724pt.
 <FR/slack.png, id=260, 485.56406pt x 254.45062pt>
File: FR/slack.png Graphic file (type png)

<use FR/slack.png>
Package pdftex.def Info: FR/slack.png used on input line 513.
(pdftex.def)             Requested size: 485.56287pt x 254.45pt.
 [14 <./FR/resoursec.png>]
<FR/bt.png, id=266, 474.27188pt x 94.10156pt>
File: FR/bt.png Graphic file (type png)
 <use FR/bt.png>
Package pdftex.def Info: FR/bt.png used on input line 517.
(pdftex.def)             Requested size: 474.27072pt x 94.10132pt.

<FR/pj.png, id=267, 791.20593pt x 327.47343pt>
File: FR/pj.png Graphic file (type png)
 <use FR/pj.png>
Package pdftex.def Info: FR/pj.png used on input line 522.
(pdftex.def)             Requested size: 632.9656pt x 261.97911pt.
 [15 <./FR/slack.png> <./FR/bt.png>] <FR/rco.png, id=274, 676.02562pt x 429.103
12pt>
File: FR/rco.png Graphic file (type png)

<use FR/rco.png>
Package pdftex.def Info: FR/rco.png used on input line 526.
(pdftex.def)             Requested size: 676.02396pt x 429.10207pt.
 [16 <./FR/pj.png>]
<FR/tco.png, id=280, 683.55376pt x 445.665pt>
File: FR/tco.png Graphic file (type png)
 <use FR/tco.png>
Package pdftex.def Info: FR/tco.png used on input line 530.
(pdftex.def)             Requested size: 683.5521pt x 445.66391pt.
 [17 <./FR/rco.png>] <FR/wo.png, id=286, 738.50906pt x 462.97969pt>
File: FR/wo.png Graphic file (type png)
 <use FR/wo.png>
Package pdftex.def Info: FR/wo.png used on input line 534.
(pdftex.def)             Requested size: 590.80806pt x 370.38425pt.
 [18 <./FR/tco.png>]
Package atveryend Info: Empty hook `BeforeClearDocument' on input line 538.
 [19 <./FR/wo.png>]
Package atveryend Info: Empty hook `AfterLastShipout' on input line 538.
 (./Final Report.aux)
Package atveryend Info: Executing hook `AtVeryEndDocument' on input line 538.
Package atveryend Info: Executing hook `AtEndAfterFileList' on input line 538.
Package rerunfilecheck Info: File `"Final Report".out' has not changed.
(rerunfilecheck)             Checksum: 58B656F4C821C1FE798F8BE2BBA73B45;1132.
Package atveryend Info: Empty hook `AtVeryVeryEnd' on input line 538.
 ) 
Here is how much of TeX's memory you used:
 6972 strings out of 493117
 102269 string characters out of 6135432
 211180 words of memory out of 5000000
 10208 multiletter control sequences out of 15000+600000
 17206 words of font info for 38 fonts, out of 8000000 for 9000
 1141 hyphenation exceptions out of 8191
 29i,10n,43p,302b,709s stack positions out of 5000i,500n,10000p,200000b,80000s
{/usr/local/texlive/2014/texmf-dist/fonts/enc/dvips/base/8r.enc}</usr/local/t
exlive/2014/texmf-dist/fonts/type1/urw/times/utmb8a.pfb></usr/local/texlive/201
4/texmf-dist/fonts/type1/urw/times/utmr8a.pfb>
Output written on "Final Report.pdf" (20 pages, 314844 bytes).
PDF statistics:
 337 PDF objects out of 1000 (max. 8388607)
 288 compressed objects within 3 object streams
 128 named destinations out of 1000 (max. 500000)
 208 words of extra memory for PDF output out of 10000 (max. 10000000)

