\BOOKMARK [1][-]{section.1}{The main features of counter circuits}{}% 1
\BOOKMARK [2][-]{subsection.1.1}{8-bit Timer/Counter}{section.1}% 2
\BOOKMARK [2][-]{subsection.1.2}{16-bit Timer/Counter}{section.1}% 3
\BOOKMARK [2][-]{subsection.1.3}{Difference}{section.1}% 4
\BOOKMARK [1][-]{section.2}{The operating principle}{}% 5
\BOOKMARK [2][-]{subsection.2.1}{Timer Modes}{section.2}% 6
\BOOKMARK [2][-]{subsection.2.2}{Prescaler}{section.2}% 7
\BOOKMARK [2][-]{subsection.2.3}{Output compare unit}{section.2}% 8
\BOOKMARK [2][-]{subsection.2.4}{Registers}{section.2}% 9
\BOOKMARK [1][-]{section.3}{The measurement accuracy and frequencies}{}% 10
\BOOKMARK [1][-]{section.4}{Real time clock}{}% 11
\BOOKMARK [1][-]{section.5}{Measuring the speed of a program loop}{}% 12
\BOOKMARK [1][-]{section.6}{Measuring the signal frequency}{}% 13
\BOOKMARK [1][-]{section.7}{Measuring the length of a pulse}{}% 14
\BOOKMARK [1][-]{section.8}{Programming Tasks}{}% 15
\BOOKMARK [2][-]{subsection.8.1}{The first task}{section.8}% 16
\BOOKMARK [2][-]{subsection.8.2}{The second task}{section.8}% 17
\BOOKMARK [2][-]{subsection.8.3}{The third task}{section.8}% 18
\BOOKMARK [2][-]{subsection.8.4}{The fourth task}{section.8}% 19
\BOOKMARK [2][-]{subsection.8.5}{The firth task}{section.8}% 20
