This is pdfTeX, Version 3.1415926-2.5-1.40.14 (MiKTeX 2.9 64-bit) (preloaded format=pdflatex 2014.9.10)  25 OCT 2014 12:23
entering extended mode
**PLPGSQL.tex
(F:\my\docs\tex\PLPGSQL.tex
LaTeX2e <2011/06/27>
Babel <v3.8m> and hyphenation patterns for english, afrikaans, ancientgreek, ar
abic, armenian, assamese, basque, bengali, bokmal, bulgarian, catalan, coptic, 
croatian, czech, danish, dutch, esperanto, estonian, farsi, finnish, french, ga
lician, german, german-x-2013-05-26, greek, gujarati, hindi, hungarian, iceland
ic, indonesian, interlingua, irish, italian, kannada, kurmanji, latin, latvian,
 lithuanian, malayalam, marathi, mongolian, mongolianlmc, monogreek, ngerman, n
german-x-2013-05-26, nynorsk, oriya, panjabi, pinyin, polish, portuguese, roman
ian, russian, sanskrit, serbian, slovak, slovenian, spanish, swedish, swissgerm
an, tamil, telugu, turkish, turkmen, ukenglish, ukrainian, uppersorbian, usengl
ishmax, welsh, loaded.
("C:\Program Files\MiKTeX 2.9\tex\latex\base\article.cls"
Document Class: article 2007/10/19 v1.4h Standard LaTeX document class
("C:\Program Files\MiKTeX 2.9\tex\latex\base\size10.clo"
File: size10.clo 2007/10/19 v1.4h Standard LaTeX file (size option)
)
\c@part=\count79
\c@section=\count80
\c@subsection=\count81
\c@subsubsection=\count82
\c@paragraph=\count83
\c@subparagraph=\count84
\c@figure=\count85
\c@table=\count86
\abovecaptionskip=\skip41
\belowcaptionskip=\skip42
\bibindent=\dimen102
)
("C:\Program Files\MiKTeX 2.9\tex\generic\babel\babel.sty"
Package: babel 2008/07/08 v3.8m The Babel package

*************************************
* Local config file bblopts.cfg used
*
("C:\Program Files\MiKTeX 2.9\tex\latex\00miktex\bblopts.cfg"
File: bblopts.cfg 2006/07/31 v1.0 MiKTeX 'babel' configuration
)
("C:\Program Files\MiKTeX 2.9\tex\generic\babel\english.ldf"
Language: english 2005/03/30 v3.3o English support from the babel system

("C:\Program Files\MiKTeX 2.9\tex\generic\babel\babel.def"
File: babel.def 2008/07/08 v3.8m Babel common definitions
\babel@savecnt=\count87
\U@D=\dimen103
)
\l@canadian = a dialect from \language\l@american 
\l@australian = a dialect from \language\l@british 
\l@newzealand = a dialect from \language\l@british 
))
("C:\Program Files\MiKTeX 2.9\tex\latex\graphics\graphicx.sty"
Package: graphicx 1999/02/16 v1.0f Enhanced LaTeX Graphics (DPC,SPQR)

("C:\Program Files\MiKTeX 2.9\tex\latex\graphics\keyval.sty"
Package: keyval 1999/03/16 v1.13 key=value parser (DPC)
\KV@toks@=\toks14
)
("C:\Program Files\MiKTeX 2.9\tex\latex\graphics\graphics.sty"
Package: graphics 2009/02/05 v1.0o Standard LaTeX Graphics (DPC,SPQR)

("C:\Program Files\MiKTeX 2.9\tex\latex\graphics\trig.sty"
Package: trig 1999/03/16 v1.09 sin cos tan (DPC)
)
("C:\Program Files\MiKTeX 2.9\tex\latex\00miktex\graphics.cfg"
File: graphics.cfg 2007/01/18 v1.5 graphics configuration of teTeX/TeXLive
)
Package graphics Info: Driver file: pdftex.def on input line 91.

("C:\Program Files\MiKTeX 2.9\tex\latex\pdftex-def\pdftex.def"
File: pdftex.def 2011/05/27 v0.06d Graphics/color for pdfTeX

("C:\Program Files\MiKTeX 2.9\tex\generic\oberdiek\infwarerr.sty"
Package: infwarerr 2010/04/08 v1.3 Providing info/warning/error messages (HO)
)
("C:\Program Files\MiKTeX 2.9\tex\generic\oberdiek\ltxcmds.sty"
Package: ltxcmds 2011/11/09 v1.22 LaTeX kernel commands for general use (HO)
)
\Gread@gobject=\count88
))
\Gin@req@height=\dimen104
\Gin@req@width=\dimen105
)
("C:\Program Files\MiKTeX 2.9\tex\latex\psnfss\times.sty"
Package: times 2005/04/12 PSNFSS-v9.2a (SPQR) 
)
("C:\Program Files\MiKTeX 2.9\tex\latex\psnfss\pifont.sty"
Package: pifont 2005/04/12 PSNFSS-v9.2a Pi font support (SPQR) 
LaTeX Font Info:    Try loading font information for U+pzd on input line 63.

("C:\Program Files\MiKTeX 2.9\tex\latex\psnfss\upzd.fd"
File: upzd.fd 2001/06/04 font definitions for U/pzd.
)
LaTeX Font Info:    Try loading font information for U+psy on input line 64.

("C:\Program Files\MiKTeX 2.9\tex\latex\psnfss\upsy.fd"
File: upsy.fd 2001/06/04 font definitions for U/psy.
))
("C:\Program Files\MiKTeX 2.9\tex\latex\geometry\geometry.sty"
Package: geometry 2010/09/12 v5.6 Page Geometry

("C:\Program Files\MiKTeX 2.9\tex\generic\oberdiek\ifpdf.sty"
Package: ifpdf 2011/01/30 v2.3 Provides the ifpdf switch (HO)
Package ifpdf Info: pdfTeX in PDF mode is detected.
)
("C:\Program Files\MiKTeX 2.9\tex\generic\oberdiek\ifvtex.sty"
Package: ifvtex 2010/03/01 v1.5 Detect VTeX and its facilities (HO)
Package ifvtex Info: VTeX not detected.
)
("C:\Program Files\MiKTeX 2.9\tex\generic\ifxetex\ifxetex.sty"
Package: ifxetex 2010/09/12 v0.6 Provides ifxetex conditional
)
\Gm@cnth=\count89
\Gm@cntv=\count90
\c@Gm@tempcnt=\count91
\Gm@bindingoffset=\dimen106
\Gm@wd@mp=\dimen107
\Gm@odd@mp=\dimen108
\Gm@even@mp=\dimen109
\Gm@layoutwidth=\dimen110
\Gm@layoutheight=\dimen111
\Gm@layouthoffset=\dimen112
\Gm@layoutvoffset=\dimen113
\Gm@dimlist=\toks15

("C:\Program Files\MiKTeX 2.9\tex\latex\geometry\geometry.cfg"))
("C:\Program Files\MiKTeX 2.9\tex\latex\eurosym\eurosym.sty"
Package: eurosym 1998/08/06 v1.1 European currency symbol ``Euro''
\@eurobox=\box26
)
("C:\Program Files\MiKTeX 2.9\tex\latex\fancyhdr\fancyhdr.sty"
\fancy@headwidth=\skip43
\f@ncyO@elh=\skip44
\f@ncyO@erh=\skip45
\f@ncyO@olh=\skip46
\f@ncyO@orh=\skip47
\f@ncyO@elf=\skip48
\f@ncyO@erf=\skip49
\f@ncyO@olf=\skip50
\f@ncyO@orf=\skip51
)
("C:\Program Files\MiKTeX 2.9\tex\latex\wrapfig\wrapfig.sty"
\wrapoverhang=\dimen114
\WF@size=\dimen115
\c@WF@wrappedlines=\count92
\WF@box=\box27
\WF@everypar=\toks16
Package: wrapfig 2003/01/31  v 3.6
)
(F:\my\docs\tex\PLPGSQL.aux)
LaTeX Font Info:    Checking defaults for OML/cmm/m/it on input line 24.
LaTeX Font Info:    ... okay on input line 24.
LaTeX Font Info:    Checking defaults for T1/cmr/m/n on input line 24.
LaTeX Font Info:    ... okay on input line 24.
LaTeX Font Info:    Checking defaults for OT1/cmr/m/n on input line 24.
LaTeX Font Info:    ... okay on input line 24.
LaTeX Font Info:    Checking defaults for OMS/cmsy/m/n on input line 24.
LaTeX Font Info:    ... okay on input line 24.
LaTeX Font Info:    Checking defaults for OMX/cmex/m/n on input line 24.
LaTeX Font Info:    ... okay on input line 24.
LaTeX Font Info:    Checking defaults for U/cmr/m/n on input line 24.
LaTeX Font Info:    ... okay on input line 24.
LaTeX Font Info:    Try loading font information for OT1+ptm on input line 24.

("C:\Program Files\MiKTeX 2.9\tex\latex\psnfss\ot1ptm.fd"
File: ot1ptm.fd 2001/06/04 font definitions for OT1/ptm.
)
("C:\Program Files\MiKTeX 2.9\tex\context\base\supp-pdf.mkii"
[Loading MPS to PDF converter (version 2006.09.02).]
\scratchcounter=\count93
\scratchdimen=\dimen116
\scratchbox=\box28
\nofMPsegments=\count94
\nofMParguments=\count95
\everyMPshowfont=\toks17
\MPscratchCnt=\count96
\MPscratchDim=\dimen117
\MPnumerator=\count97
\makeMPintoPDFobject=\count98
\everyMPtoPDFconversion=\toks18
)
*geometry* driver: auto-detecting
*geometry* detected driver: pdftex
*geometry* verbose mode - [ preamble ] result:
* driver: pdftex
* paper: <default>
* layout: <same size as paper>
* layoutoffset:(h,v)=(0.0pt,0.0pt)
* modes: 
* h-part:(L,W,R)=(72.26999pt, 469.75502pt, 72.26999pt)
* v-part:(T,H,B)=(72.26999pt, 650.43001pt, 72.26999pt)
* \paperwidth=614.295pt
* \paperheight=794.96999pt
* \textwidth=469.75502pt
* \textheight=650.43001pt
* \oddsidemargin=0.0pt
* \evensidemargin=0.0pt
* \topmargin=-37.0pt
* \headheight=12.0pt
* \headsep=25.0pt
* \topskip=10.0pt
* \footskip=30.0pt
* \marginparwidth=65.0pt
* \marginparsep=11.0pt
* \columnsep=10.0pt
* \skip\footins=9.0pt plus 4.0pt minus 2.0pt
* \hoffset=0.0pt
* \voffset=0.0pt
* \mag=1000
* \@twocolumnfalse
* \@twosidefalse
* \@mparswitchfalse
* \@reversemarginfalse
* (1in=72.27pt=25.4mm, 1cm=28.453pt)

<savonia.jpg, id=1, 139.722pt x 37.5804pt>
File: savonia.jpg Graphic file (type jpg)
 <use savonia.jpg>
Package pdftex.def Info: savonia.jpg used on input line 31.
(pdftex.def)             Requested size: 139.72165pt x 37.58029pt.
LaTeX Font Info:    External font `cmex10' loaded for size
(Font)              <12> on input line 31.
LaTeX Font Info:    External font `cmex10' loaded for size
(Font)              <8> on input line 31.
LaTeX Font Info:    External font `cmex10' loaded for size
(Font)              <6> on input line 31.


LaTeX Warning: No \author given.

[1

{C:/ProgramData/MiKTeX/2.9/pdftex/config/pdftex.map} <F:/my/docs/tex/savonia.jp
g>]
LaTeX Font Info:    Font shape `OT1/ptm/bx/n' in size <14.4> not available
(Font)              Font shape `OT1/ptm/b/n' tried instead on input line 51.
 (F:\my\docs\tex\PLPGSQL.toc
LaTeX Font Info:    Font shape `OT1/ptm/bx/n' in size <10> not available
(Font)              Font shape `OT1/ptm/b/n' tried instead on input line 2.
LaTeX Font Info:    External font `cmex10' loaded for size
(Font)              <7> on input line 3.
LaTeX Font Info:    External font `cmex10' loaded for size
(Font)              <5> on input line 3.
)
\tf@toc=\write3
 [1]
LaTeX Font Info:    Font shape `OT1/ptm/bx/n' in size <12> not available
(Font)              Font shape `OT1/ptm/b/n' tried instead on input line 58.

<PLPGSQL/LoggScript.png, id=11, 321.45094pt x 121.20282pt>
File: PLPGSQL/LoggScript.png Graphic file (type png)

<use PLPGSQL/LoggScript.png>
Package pdftex.def Info: PLPGSQL/LoggScript.png used on input line 71.
(pdftex.def)             Requested size: 321.45015pt x 121.20251pt.

<PLPGSQL/LoggTable.png, id=13, 397.485pt x 281.55188pt>
File: PLPGSQL/LoggTable.png Graphic file (type png)

<use PLPGSQL/LoggTable.png>
Package pdftex.def Info: PLPGSQL/LoggTable.png used on input line 80.
(pdftex.def)             Requested size: 397.48402pt x 281.55118pt.
 [2 <F:/my/docs/tex/PLPGSQL/LoggScript.png> <F:/my/docs/tex/PLPGSQL/LoggTable.p
ng>]
<PLPGSQL/badStudentScript.png, id=19, 932.73468pt x 476.53032pt>
File: PLPGSQL/badStudentScript.png Graphic file (type png)

<use PLPGSQL/badStudentScript.png>
Package pdftex.def Info: PLPGSQL/badStudentScript.png used on input line 88.
(pdftex.def)             Requested size: 559.64513pt x 285.9204pt.

<PLPGSQL/badStudentOutPut.png, id=20, 142.28156pt x 87.32625pt>
File: PLPGSQL/badStudentOutPut.png Graphic file (type png)

<use PLPGSQL/badStudentOutPut.png>
Package pdftex.def Info: PLPGSQL/badStudentOutPut.png used on input line 93.
(pdftex.def)             Requested size: 142.2812pt x 87.32603pt.

<PLPGSQL/editSource.png, id=21, 614.295pt x 340.27126pt>
File: PLPGSQL/editSource.png Graphic file (type png)

<use PLPGSQL/editSource.png>
Package pdftex.def Info: PLPGSQL/editSource.png used on input line 101.
(pdftex.def)             Requested size: 491.43666pt x 272.21736pt.


LaTeX Warning: `h' float specifier changed to `ht'.

<PLPGSQL/ArchivedStudentTable.png, id=22, 402.75468pt x 125.71968pt>
File: PLPGSQL/ArchivedStudentTable.png Graphic file (type png)

<use PLPGSQL/ArchivedStudentTable.png>
Package pdftex.def Info: PLPGSQL/ArchivedStudentTable.png used on input line 11
0.
(pdftex.def)             Requested size: 402.7537pt x 125.71936pt.
 [3 <F:/my/docs/tex/PLPGSQL/badStudentScript.png> <F:/my/docs/tex/PLPGSQL/badSt
udentOutPut.png>]
<PLPGSQL/ArchivedFunction.png, id=28, 919.93687pt x 326.72063pt>
File: PLPGSQL/ArchivedFunction.png Graphic file (type png)

<use PLPGSQL/ArchivedFunction.png>
Package pdftex.def Info: PLPGSQL/ArchivedFunction.png used on input line 117.
(pdftex.def)             Requested size: 551.96638pt x 196.03387pt.


LaTeX Warning: `h' float specifier changed to `ht'.

<PLPGSQL/SourceTimeStamp.png, id=29, 241.65282pt x 139.27031pt>
File: PLPGSQL/SourceTimeStamp.png Graphic file (type png)

<use PLPGSQL/SourceTimeStamp.png>
Package pdftex.def Info: PLPGSQL/SourceTimeStamp.png used on input line 126.
(pdftex.def)             Requested size: 241.65222pt x 139.26996pt.
 [4 <F:/my/docs/tex/PLPGSQL/editSource.png> <F:/my/docs/tex/PLPGSQL/ArchivedStu
dentTable.png>]
<PLPGSQL/studentTable.png, id=35, 392.21532pt x 121.95563pt>
File: PLPGSQL/studentTable.png Graphic file (type png)

<use PLPGSQL/studentTable.png>
Package pdftex.def Info: PLPGSQL/studentTable.png used on input line 129.
(pdftex.def)             Requested size: 392.21436pt x 121.9553pt.

<PLPGSQL/courseTable.png, id=36, 339.51843pt x 97.11281pt>
File: PLPGSQL/courseTable.png Graphic file (type png)

<use PLPGSQL/courseTable.png>
Package pdftex.def Info: PLPGSQL/courseTable.png used on input line 132.
(pdftex.def)             Requested size: 339.5176pt x 97.11256pt.

<PLPGSQL/teacherTable.png, id=37, 347.79938pt x 82.05656pt>
File: PLPGSQL/teacherTable.png Graphic file (type png)

<use PLPGSQL/teacherTable.png>
Package pdftex.def Info: PLPGSQL/teacherTable.png used on input line 133.
(pdftex.def)             Requested size: 347.79852pt x 82.05635pt.


LaTeX Warning: `!h' float specifier changed to `!ht'.

[5 <F:/my/docs/tex/PLPGSQL/ArchivedFunction.png> <F:/my/docs/tex/PLPGSQL/Source
TimeStamp.png> <F:/my/docs/tex/PLPGSQL/studentTable.png>]
<PLPGSQL/studentProtectionSource.png, id=44, 827.34094pt x 213.04594pt>
File: PLPGSQL/studentProtectionSource.png Graphic file (type png)

<use PLPGSQL/studentProtectionSource.png>
Package pdftex.def Info: PLPGSQL/studentProtectionSource.png used on input line
 141.
(pdftex.def)             Requested size: 579.13472pt x 149.13113pt.

<PLPGSQL/errorDeleting.png, id=45, 239.39438pt x 147.55125pt>
File: PLPGSQL/errorDeleting.png Graphic file (type png)

<use PLPGSQL/errorDeleting.png>
Package pdftex.def Info: PLPGSQL/errorDeleting.png used on input line 145.
(pdftex.def)             Requested size: 215.45294pt x 132.79488pt.
 [6 <F:/my/docs/tex/PLPGSQL/courseTable.png> <F:/my/docs/tex/PLPGSQL/teacherTab
le.png> <F:/my/docs/tex/PLPGSQL/studentProtectionSource.png> <F:/my/docs/tex/PL
PGSQL/errorDeleting.png>]
(F:\my\docs\tex\PLPGSQL.aux) ) 
Here is how much of TeX's memory you used:
 2354 strings out of 493921
 32187 string characters out of 3147282
 92278 words of memory out of 3000000
 5608 multiletter control sequences out of 15000+200000
 17713 words of font info for 39 fonts, out of 3000000 for 9000
 841 hyphenation exceptions out of 8191
 27i,10n,43p,334b,227s stack positions out of 5000i,500n,10000p,200000b,50000s
{C:/Program Files/MiKTeX 2.9/fonts/enc/dvips/font
name/8r.enc}<C:/Program Files/MiKTeX 2.9/fonts/type1/urw/times/utmb8a.pfb><C:/P
rogram Files/MiKTeX 2.9/fonts/type1/urw/times/utmr8a.pfb>
Output written on PLPGSQL.pdf (7 pages, 967470 bytes).
PDF statistics:
 63 PDF objects out of 1000 (max. 8388607)
 0 named destinations out of 1000 (max. 500000)
 71 words of extra memory for PDF output out of 10000 (max. 10000000)

