\BOOKMARK [1][-]{section.1}{Introduction}{}% 1
\BOOKMARK [2][-]{subsection.1.1}{Google Analytics}{section.1}% 2
\BOOKMARK [2][-]{subsection.1.2}{Overview of the weblogs}{section.1}% 3
\BOOKMARK [1][-]{section.2}{General analitics of the dataset}{}% 4
\BOOKMARK [2][-]{subsection.2.1}{Resources and requests}{section.2}% 5
\BOOKMARK [2][-]{subsection.2.2}{Users or Hosts}{section.2}% 6
\BOOKMARK [2][-]{subsection.2.3}{Data}{section.2}% 7
\BOOKMARK [1][-]{section.3}{Linear regression}{}% 8
\BOOKMARK [2][-]{subsection.3.1}{Simple linear regression}{section.3}% 9
\BOOKMARK [2][-]{subsection.3.2}{Multiple Linear regression}{section.3}% 10
\BOOKMARK [1][-]{section.4}{Artificial neural network}{}% 11
\BOOKMARK [2][-]{subsection.4.1}{Neuralnet package}{section.4}% 12
\BOOKMARK [2][-]{subsection.4.2}{Other ANN packages}{section.4}% 13
\BOOKMARK [1][-]{section.5}{Clustering}{}% 14
\BOOKMARK [2][-]{subsection.5.1}{K-means}{section.5}% 15
\BOOKMARK [2][-]{subsection.5.2}{Clustering of the weblogs}{section.5}% 16
\BOOKMARK [1][-]{section.6}{Latex}{}% 17
\BOOKMARK [2][-]{subsection.6.1}{Raster graphics}{section.6}% 18
\BOOKMARK [2][-]{subsection.6.2}{Sweave}{section.6}% 19
\BOOKMARK [2][-]{subsection.6.3}{Vector graphics}{section.6}% 20
\BOOKMARK [1][-]{section.7}{Conclusion}{}% 21
\BOOKMARK [1][-]{section.8}{References:}{}% 22
\BOOKMARK [1][-]{section.9}{Appendix}{}% 23
